#
# A fatal error has been detected by the Java Runtime Environment:
#
#  SIGSEGV (0xb) at pc=0xb6d7dc7c, pid=6733, tid=1780603712
#
# JRE version: Java(TM) SE Runtime Environment (7.0_51-b13) (build 1.7.0_51-b13)
# Java VM: Java HotSpot(TM) Server VM (24.51-b03 mixed mode linux-x86 )
# Problematic frame:
# V  [libjvm.so+0x4bcc7c]  jni_invoke_nonstatic(JNIEnv_*, JavaValue*, _jobject*, JNICallType, _jmethodID*, JNI_ArgumentPusher*, Thread*)+0x41c
#
# Failed to write core dump. Core dumps have been disabled. To enable core dumping, try "ulimit -c unlimited" before starting Java again
#
# If you would like to submit a bug report, please visit:
#   http://bugreport.sun.com/bugreport/crash.jsp
#

---------------  T H R E A D  ---------------

Current thread (0x6b8b8800):  JavaThread "JavaFX Application Thread" [_thread_in_vm, id=6755, stack(0x6a1cd000,0x6a21e000)]

siginfo:si_signo=SIGSEGV: si_errno=0, si_code=1 (SEGV_MAPERR), si_addr=0xfe23034e

Registers:
EAX=0xfe23034a, EBX=0xb7183c18, ECX=0x6f8b5688, EDX=0x00000033
ESP=0x6a21c900, EBP=0x6a21c9c8, ESI=0x6eb009e4, EDI=0x6f8b5708
EIP=0xb6d7dc7c, EFLAGS=0x00210217, CR2=0xfe23034e

Top of Stack: (sp=0x6a21c900)
0x6a21c900:   00000000 6a21c94c 6a21c990 6a21ca28
0x6a21c910:   6b8b8930 b6d99360 00057e00 6eb21f78
0x6a21c920:   6eb21f80 6eb2236c 6b8dec88 000003ec
0x6a21c930:   014b2abc 00000000 6f8b5708 6eb009e4
0x6a21c940:   6a21cb2c 6eb009e8 6b897e00 6b6ffc64
0x6a21c950:   9e36e9e0 0000006f 0000000a 9eb13200
0x6a21c960:   00000000 00000000 6eb009c8 6eb009ec
0x6a21c970:   000001bc 00000001 6a21ceb0 6a21c950 

Instructions: (pc=0xb6d7dc7c)
0xb6d7dc5c:   ff ff ff ff ff ff ff e9 5e fe ff ff 8b 57 18 83
0xb6d7dc6c:   fa fe 0f 84 70 fc ff ff 8b b5 74 ff ff ff 8b 06
0xb6d7dc7c:   8b 40 04 8b b4 90 18 01 00 00 e9 5b fc ff ff 90
0xb6d7dc8c:   8d 74 26 00 8b 06 89 45 ec 8b 45 ec 85 c0 0f 85 

Register to memory mapping:

EAX=0xfe23034a is an unknown value
EBX=0xb7183c18: <offset 0x8c2c18> in /usr/lib/jvm/jdk1.7.0_51/jre/lib/i386/server/libjvm.so at 0xb68c1000
ECX=0x6f8b5688 is an oop
{constMethod} 
 - klass: {other class}
 - constants:       0x6f8b1018 constant pool [567] for 'com/sun/glass/ui/View' cache=0x6f8b73a8
EDX=0x00000033 is an unknown value
ESP=0x6a21c900 is pointing into the stack for thread: 0x6b8b8800
EBP=0x6a21c9c8 is pointing into the stack for thread: 0x6b8b8800
ESI=0x6eb009e4 is an unknown value
EDI=0x6f8b5708 is an oop
{method} 
 - klass: {other class}


Stack: [0x6a1cd000,0x6a21e000],  sp=0x6a21c900,  free space=318k
Native frames: (J=compiled Java code, j=interpreted, Vv=VM code, C=native code)
V  [libjvm.so+0x4bcc7c]  jni_invoke_nonstatic(JNIEnv_*, JavaValue*, _jobject*, JNICallType, _jmethodID*, JNI_ArgumentPusher*, Thread*)+0x41c
V  [libjvm.so+0x4c1e1d]  jni_CallVoidMethodV+0xbd
C  [libglass.so+0xe6c9]  JNIEnv_::CallVoidMethod(_jobject*, _jmethodID*, ...)+0x29
C  [libglass.so+0x15c69]  WindowContextBase::process_key(_GdkEventKey*)+0x229
C  [libglass.so+0x18ba2]  WindowContextBase::im_filter_keypress(_GdkEventKey*)+0x1f2
C  [libglass.so+0x18c84]  WindowContextBase::filterIME(_GdkEvent*)+0x54
C  [libglass.so+0xe434]  process_events(_GdkEvent*, void*)+0x1a4

Java frames: (J=compiled Java code, j=interpreted, Vv=VM code)
j  com.sun.glass.ui.gtk.GtkApplication._runLoop([Ljava/lang/String;Lcom/sun/glass/ui/Launchable;Z)V+0
j  com.sun.glass.ui.gtk.GtkApplication$3$1.run()V+38
j  java.lang.Thread.run()V+11
v  ~StubRoutines::call_stub

---------------  P R O C E S S  ---------------

Java Threads: ( => current thread )
  0x09ae3000 JavaThread "Java2D Disposer" daemon [_thread_blocked, id=6758, stack(0x697af000,0x69800000)]
  0x69d99c00 JavaThread "Prism Font Disposer" daemon [_thread_blocked, id=6756, stack(0x69b8c000,0x69bdd000)]
=>0x6b8b8800 JavaThread "JavaFX Application Thread" [_thread_in_vm, id=6755, stack(0x6a1cd000,0x6a21e000)]
  0x6b8ddc00 JavaThread "Thread-3" daemon [_thread_blocked, id=6754, stack(0x6a21e000,0x6a26f000)]
  0x6b856c00 JavaThread "Disposer" daemon [_thread_blocked, id=6753, stack(0x6af83000,0x6afd4000)]
  0x6b852000 JavaThread "QuantumRenderer-0" daemon [_thread_blocked, id=6752, stack(0x6b7af000,0x6b800000)]
  0x6b817c00 JavaThread "JavaFX-Launcher" [_thread_blocked, id=6751, stack(0x6b94c000,0x6b99d000)]
  0x6b813400 JavaThread "traceMsgQueueThread" daemon [_thread_blocked, id=6750, stack(0x6b99d000,0x6b9ee000)]
  0x6c29a800 JavaThread "Service Thread" daemon [_thread_blocked, id=6748, stack(0x6bf0d000,0x6bf5e000)]
  0x6c298c00 JavaThread "C2 CompilerThread1" daemon [_thread_blocked, id=6747, stack(0x6bafe000,0x6bb7f000)]
  0x6c296c00 JavaThread "C2 CompilerThread0" daemon [_thread_blocked, id=6746, stack(0x6bb7f000,0x6bc00000)]
  0x6c295400 JavaThread "Signal Dispatcher" daemon [_thread_blocked, id=6745, stack(0x6bf5e000,0x6bfaf000)]
  0x6c285400 JavaThread "Finalizer" daemon [_thread_blocked, id=6744, stack(0x6bfaf000,0x6c000000)]
  0x6c282c00 JavaThread "Reference Handler" daemon [_thread_blocked, id=6743, stack(0x6c12e000,0x6c17f000)]
  0xb6707400 JavaThread "main" [_thread_blocked, id=6737, stack(0xb682d000,0xb687e000)]

Other Threads:
  0x6c281400 VMThread [stack: 0x6c17f000,0x6c200000] [id=6742]
  0x6c29c800 WatcherThread [stack: 0x6ba7d000,0x6bafe000] [id=6749]

VM state:not at safepoint (normal execution)

VM Mutex/Monitor currently owned by a thread: None

Heap
 PSYoungGen      total 36352K, used 13835K [0x9e040000, 0xa0640000, 0xb35c0000)
  eden space 33792K, 33% used [0x9e040000,0x9eb440b0,0xa0140000)
  from space 2560K, 99% used [0xa03c0000,0xa063ed18,0xa0640000)
  to   space 2560K, 0% used [0xa0140000,0xa0140000,0xa03c0000)
 ParOldGen       total 43520K, used 8221K [0x735c0000, 0x76040000, 0x9e040000)
  object space 43520K, 18% used [0x735c0000,0x73dc7550,0x76040000)
 PSPermGen       total 16384K, used 12154K [0x6f5c0000, 0x705c0000, 0x735c0000)
  object space 16384K, 74% used [0x6f5c0000,0x7019e928,0x705c0000)

Card table byte_map: [0x6f39f000,0x6f5c0000] byte_map_base: 0x6f024200

Polling page: 0xb77b3000

Code Cache  [0xb369f000, 0xb38df000, 0xb669f000)
 total_blobs=582 nmethods=252 adapters=283 free_code_cache=48122Kb largest_free_block=49210432

Compilation events (10 events):
Event: 17.704 Thread 0x6c296c00  258             com.sun.javafx.geom.RectBounds::getMaxZ (2 bytes)
Event: 17.704 Thread 0x6c296c00 nmethod 258 0xb379c208 code [0xb379c2e0, 0xb379c330]
Event: 17.707 Thread 0x6c298c00  259             com.sun.javafx.geom.transform.AffineBase::getMxx (5 bytes)
Event: 17.707 Thread 0x6c296c00  260             com.sun.javafx.geom.transform.AffineBase::getMyy (5 bytes)
Event: 17.708 Thread 0x6c298c00 nmethod 259 0xb379c088 code [0xb379c160, 0xb379c1b0]
Event: 17.708 Thread 0x6c296c00 nmethod 260 0xb379bf08 code [0xb379bfe0, 0xb379c030]
Event: 18.200 Thread 0x6c298c00  261             com.sun.javafx.binding.ExpressionHelper::fireValueChangedEvent (9 bytes)
Event: 18.201 Thread 0x6c298c00 nmethod 261 0xb379bd48 code [0xb379be40, 0xb379be90]
Event: 18.227 Thread 0x6c296c00  262             com.sun.javafx.Utils::assertionEnabled (24 bytes)
Event: 18.227 Thread 0x6c296c00 nmethod 262 0xb36ed1c8 code [0xb36ed2a0, 0xb36ed2d0]

GC Heap History (4 events):
Event: 0.707 GC heap before
{Heap before GC invocations=1 (full 0):
 PSYoungGen      total 19456K, used 16896K [0x9e040000, 0x9f5c0000, 0xb35c0000)
  eden space 16896K, 100% used [0x9e040000,0x9f0c0000,0x9f0c0000)
  from space 2560K, 0% used [0x9f340000,0x9f340000,0x9f5c0000)
  to   space 2560K, 0% used [0x9f0c0000,0x9f0c0000,0x9f340000)
 ParOldGen       total 43520K, used 0K [0x735c0000, 0x76040000, 0x9e040000)
  object space 43520K, 0% used [0x735c0000,0x735c0000,0x76040000)
 PSPermGen       total 16384K, used 6697K [0x6f5c0000, 0x705c0000, 0x735c0000)
  object space 16384K, 40% used [0x6f5c0000,0x6fc4a6e0,0x705c0000)
Event: 0.715 GC heap after
Heap after GC invocations=1 (full 0):
 PSYoungGen      total 19456K, used 2526K [0x9e040000, 0xa0640000, 0xb35c0000)
  eden space 16896K, 0% used [0x9e040000,0x9e040000,0x9f0c0000)
  from space 2560K, 98% used [0x9f0c0000,0x9f337b90,0x9f340000)
  to   space 2560K, 0% used [0xa03c0000,0xa03c0000,0xa0640000)
 ParOldGen       total 43520K, used 4K [0x735c0000, 0x76040000, 0x9e040000)
  object space 43520K, 0% used [0x735c0000,0x735c1000,0x76040000)
 PSPermGen       total 16384K, used 6697K [0x6f5c0000, 0x705c0000, 0x735c0000)
  object space 16384K, 40% used [0x6f5c0000,0x6fc4a6e0,0x705c0000)
}
Event: 1.490 GC heap before
{Heap before GC invocations=2 (full 0):
 PSYoungGen      total 19456K, used 19418K [0x9e040000, 0xa0640000, 0xb35c0000)
  eden space 16896K, 99% used [0x9e040000,0x9f0bed58,0x9f0c0000)
  from space 2560K, 98% used [0x9f0c0000,0x9f337b90,0x9f340000)
  to   space 2560K, 0% used [0xa03c0000,0xa03c0000,0xa0640000)
 ParOldGen       total 43520K, used 4K [0x735c0000, 0x76040000, 0x9e040000)
  object space 43520K, 0% used [0x735c0000,0x735c1000,0x76040000)
 PSPermGen       total 16384K, used 11280K [0x6f5c0000, 0x705c0000, 0x735c0000)
  object space 16384K, 68% used [0x6f5c0000,0x700c4158,0x705c0000)
Event: 1.504 GC heap after
Heap after GC invocations=2 (full 0):
 PSYoungGen      total 36352K, used 2555K [0x9e040000, 0xa0640000, 0xb35c0000)
  eden space 33792K, 0% used [0x9e040000,0x9e040000,0xa0140000)
  from space 2560K, 99% used [0xa03c0000,0xa063ed18,0xa0640000)
  to   space 2560K, 0% used [0xa0140000,0xa0140000,0xa03c0000)
 ParOldGen       total 43520K, used 8221K [0x735c0000, 0x76040000, 0x9e040000)
  object space 43520K, 18% used [0x735c0000,0x73dc7550,0x76040000)
 PSPermGen       total 16384K, used 11280K [0x6f5c0000, 0x705c0000, 0x735c0000)
  object space 16384K, 68% used [0x6f5c0000,0x700c4158,0x705c0000)
}

Deoptimization events (10 events):
Event: 10.764 Thread 0x6b8b8800 Uncommon trap: reason=unreached action=reinterpret pc=0xb3740e38 method=com.sun.javafx.css.CompoundSelector.applies(Ljavafx/scene/Node;I)Z @ 65
Event: 10.782 Thread 0x6b8b8800 Uncommon trap: reason=unreached action=reinterpret pc=0xb375e14c method=com.sun.javafx.css.StyleManager$StylesheetContainer.getStyleHelper(Ljavafx/scene/Node;)Lcom/sun/javafx/css/StyleHelper; @ 219
Event: 10.828 Thread 0x6b8b8800 Uncommon trap: reason=null_assert action=make_not_entrant pc=0xb373bcc8 method=com.sun.javafx.css.StyleManager$StylesheetContainer.getStyleHelper(Ljavafx/scene/Node;)Lcom/sun/javafx/css/StyleHelper; @ 868
Event: 10.834 Thread 0x6b8b8800 Uncommon trap: reason=bimorphic action=maybe_recompile pc=0xb374794c method=javafx.beans.property.StringPropertyBase.get()Ljava/lang/String; @ 23
Event: 10.834 Thread 0x6b8b8800 Uncommon trap: reason=bimorphic action=maybe_recompile pc=0xb374794c method=javafx.beans.property.StringPropertyBase.get()Ljava/lang/String; @ 23
Event: 10.834 Thread 0x6b8b8800 Uncommon trap: reason=bimorphic action=maybe_recompile pc=0xb374794c method=javafx.beans.property.StringPropertyBase.get()Ljava/lang/String; @ 23
Event: 10.834 Thread 0x6b8b8800 Uncommon trap: reason=bimorphic action=maybe_recompile pc=0xb374794c method=javafx.beans.property.StringPropertyBase.get()Ljava/lang/String; @ 23
Event: 10.874 Thread 0x6b8b8800 Uncommon trap: reason=class_check action=maybe_recompile pc=0xb3717b00 method=java.util.HashMap.put(Ljava/lang/Object;Ljava/lang/Object;)Ljava/lang/Object; @ 105
Event: 10.874 Thread 0x6b8b8800 Uncommon trap: reason=class_check action=maybe_recompile pc=0xb3717b00 method=java.util.HashMap.put(Ljava/lang/Object;Ljava/lang/Object;)Ljava/lang/Object; @ 105
Event: 14.421 Thread 0x6b8b8800 Uncommon trap: reason=null_check action=make_not_entrant pc=0xb37957b8 method=javafx.scene.Node.getId()Ljava/lang/String; @ 18

Internal exceptions (10 events):
Event: 10.736 Thread 0x6b8b8800 Threw 0x9e27a118 at /HUDSON/workspace/7u-2-build-linux-i586/jdk7u51/527/hotspot/src/share/vm/prims/jvm.cpp:1244
Event: 10.736 Thread 0x6b8b8800 Threw 0x9e27aff8 at /HUDSON/workspace/7u-2-build-linux-i586/jdk7u51/527/hotspot/src/share/vm/prims/jvm.cpp:1244
Event: 10.736 Thread 0x6b8b8800 Threw 0x9e27be18 at /HUDSON/workspace/7u-2-build-linux-i586/jdk7u51/527/hotspot/src/share/vm/prims/jvm.cpp:1244
Event: 10.736 Thread 0x6b8b8800 Threw 0x9e27cd68 at /HUDSON/workspace/7u-2-build-linux-i586/jdk7u51/527/hotspot/src/share/vm/prims/jvm.cpp:1244
Event: 10.738 Thread 0x6b8b8800 Threw 0x9e2983f8 at /HUDSON/workspace/7u-2-build-linux-i586/jdk7u51/527/hotspot/src/share/vm/prims/jvm.cpp:1244
Event: 10.738 Thread 0x6b8b8800 Threw 0x9e299180 at /HUDSON/workspace/7u-2-build-linux-i586/jdk7u51/527/hotspot/src/share/vm/prims/jvm.cpp:1244
Event: 10.742 Thread 0x6b8b8800 Threw 0x9e2d2d38 at /HUDSON/workspace/7u-2-build-linux-i586/jdk7u51/527/hotspot/src/share/vm/interpreter/interpreterRuntime.cpp:347
Event: 10.764 Thread 0x6b8b8800 Implicit null exception at 0xb374063d to 0xb3740e29
Event: 11.172 Thread 0x6b852000 Threw 0x9e8a2e48 at /HUDSON/workspace/7u-2-build-linux-i586/jdk7u51/527/hotspot/src/share/vm/interpreter/linkResolver.cpp:883
Event: 14.421 Thread 0x6b8b8800 Implicit null exception at 0xb37923f4 to 0xb37957a9

Events (10 events):
Event: 18.790 loading class 0x69fb8960
Event: 18.790 loading class 0x69fb8960 done
Event: 18.790 loading class 0x69fb9a50
Event: 18.791 loading class 0x69fb9a50 done
Event: 18.791 loading class 0x69fbac30
Event: 18.791 loading class 0x69fbac30 done
Event: 18.791 loading class 0x69fb9a80
Event: 18.791 loading class 0x69fb9a80 done
Event: 18.792 loading class 0x69fbac60
Event: 18.792 loading class 0x69fbac60 done


Dynamic libraries:
08048000-08049000 r-xp 00000000 08:08 1076799    /usr/lib/jvm/jdk1.7.0_51/jre/bin/java
08049000-0804a000 rw-p 00000000 08:08 1076799    /usr/lib/jvm/jdk1.7.0_51/jre/bin/java
09865000-09b29000 rw-p 00000000 00:00 0          [heap]
68e8f000-69000000 rw-p 00000000 00:00 0 
69000000-690f0000 rw-p 00000000 00:00 0 
690f0000-69100000 ---p 00000000 00:00 0 
69200000-692f8000 rw-p 00000000 00:00 0 
692f8000-69300000 ---p 00000000 00:00 0 
69400000-694f9000 rw-p 00000000 00:00 0 
694f9000-69500000 ---p 00000000 00:00 0 
6956a000-6958f000 r-xp 00000000 08:08 1196659    /usr/lib/jvm/jdk1.7.0_51/jre/lib/i386/libdcpr.so
6958f000-69592000 rw-p 00024000 08:08 1196659    /usr/lib/jvm/jdk1.7.0_51/jre/lib/i386/libdcpr.so
69592000-695f2000 r-xp 00000000 08:08 1196705    /usr/lib/jvm/jdk1.7.0_51/jre/lib/i386/libt2k.so
695f2000-695f6000 rw-p 0005f000 08:08 1196705    /usr/lib/jvm/jdk1.7.0_51/jre/lib/i386/libt2k.so
695f6000-695fa000 rw-p 00000000 00:00 0 
695fa000-69610000 r--s 00000000 08:08 523554     /usr/share/fonts/type1/gsfonts/n022024l.pfb
69610000-69620000 r--s 00000000 08:08 927673     /usr/share/texlive/texmf-dist/fonts/type1/adobe/courier/pcrb8a.pfb
69620000-69638000 r--s 00000000 08:08 523545     /usr/share/fonts/type1/gsfonts/n022003l.pfb
69638000-69649000 r--s 00000000 08:08 523518     /usr/share/fonts/type1/gsfonts/n019024l.pfb
69649000-69662000 r--s 00000000 08:08 523536     /usr/share/fonts/type1/gsfonts/n021004l.pfb
69662000-69674000 r--s 00000000 08:08 523512     /usr/share/fonts/type1/gsfonts/n019004l.pfb
69674000-69683000 r--s 00000000 08:08 927674     /usr/share/texlive/texmf-dist/fonts/type1/adobe/courier/pcrro8a.pfb
69683000-6969c000 r--s 00000000 08:08 523548     /usr/share/fonts/type1/gsfonts/n022004l.pfb
6969c000-696b5000 r--s 00000000 08:08 523533     /usr/share/fonts/type1/gsfonts/n021003l.pfb
696b5000-696cb000 r--s 00000000 08:08 523542     /usr/share/fonts/type1/gsfonts/n021024l.pfb
696cb000-696e1000 r--s 00000000 08:08 523551     /usr/share/fonts/type1/gsfonts/n022023l.pfb
696e1000-696f8000 r--s 00000000 08:08 523539     /usr/share/fonts/type1/gsfonts/n021023l.pfb
696f8000-69702000 r--s 00000000 08:08 523575     /usr/share/fonts/type1/mathml/Symbol.pfb
69702000-69713000 r--s 00000000 08:08 523515     /usr/share/fonts/type1/gsfonts/n019023l.pfb
69713000-69727000 r--s 00000000 08:08 523509     /usr/share/fonts/type1/gsfonts/n019003l.pfb
69727000-69737000 r--s 00000000 08:08 927678     /usr/share/texlive/texmf-dist/fonts/type1/adobe/courier/pcrr8a.pfb
69737000-69747000 r--s 00000000 08:08 927675     /usr/share/texlive/texmf-dist/fonts/type1/adobe/courier/pcrbo8a.pfb
69747000-697a8000 r-xp 00000000 08:08 1197574    /usr/lib/jvm/jdk1.7.0_51/jre/lib/i386/libfontmanager.so
697a8000-697ab000 rw-p 00060000 08:08 1197574    /usr/lib/jvm/jdk1.7.0_51/jre/lib/i386/libfontmanager.so
697ab000-697af000 rw-p 00000000 00:00 0 
697af000-697b2000 ---p 00000000 00:00 0 
697b2000-69800000 rw-p 00000000 00:00 0          [stack:6758]
69800000-698e6000 rw-p 00000000 00:00 0 
698e6000-69900000 ---p 00000000 00:00 0 
69903000-6994c000 r-xp 00000000 08:08 1196645    /usr/lib/jvm/jdk1.7.0_51/jre/lib/i386/xawt/libmawt.so
6994c000-6994e000 rw-p 00049000 08:08 1196645    /usr/lib/jvm/jdk1.7.0_51/jre/lib/i386/xawt/libmawt.so
6994e000-6994f000 rw-p 00000000 00:00 0 
6994f000-699d5000 r-xp 00000000 08:08 1196637    /usr/lib/jvm/jdk1.7.0_51/jre/lib/i386/libawt.so
699d5000-699dc000 rw-p 00086000 08:08 1196637    /usr/lib/jvm/jdk1.7.0_51/jre/lib/i386/libawt.so
699dc000-69a00000 rw-p 00000000 00:00 0 
69a00000-69af1000 rw-p 00000000 00:00 0 
69af1000-69b00000 ---p 00000000 00:00 0 
69b01000-69b03000 rw-p 00000000 00:00 0 
69b03000-69b11000 r-xp 00000000 08:08 1197429    /usr/lib/jvm/jdk1.7.0_51/jre/lib/i386/libnio.so
69b11000-69b12000 rw-p 0000e000 08:08 1197429    /usr/lib/jvm/jdk1.7.0_51/jre/lib/i386/libnio.so
69b12000-69b27000 r-xp 00000000 08:08 1197367    /usr/lib/jvm/jdk1.7.0_51/jre/lib/i386/libnet.so
69b27000-69b28000 rw-p 00014000 08:08 1197367    /usr/lib/jvm/jdk1.7.0_51/jre/lib/i386/libnet.so
69b28000-69b2c000 r--s 000f7000 08:08 1196619    /usr/lib/jvm/jdk1.7.0_51/jre/lib/ext/localedata.jar
69b2c000-69b8c000 rw-s 00000000 00:04 96665628   /SYSV00000000 (deleted)
69b8c000-69b8f000 ---p 00000000 00:00 0 
69b8f000-69bdd000 rw-p 00000000 00:00 0          [stack:6756]
69bdd000-69be7000 r--s 00000000 08:08 1071457    /var/cache/fontconfig/6aa41aa22e18b8fa06a12da28ea9c28b-le32d4.cache-4
69be7000-69be8000 r--s 00000000 08:08 1058264    /var/cache/fontconfig/c05880de57d1f5e948fdfacc138775d9-le32d4.cache-4
69be8000-69bf0000 r--s 00000000 08:08 1058257    /var/cache/fontconfig/945677eb7aeaf62f1d50efc3fb3ec7d8-le32d4.cache-4
69bf0000-69bf2000 r--s 00000000 08:08 1058259    /var/cache/fontconfig/99e8ed0e538f840c565b6ed5dad60d56-le32d4.cache-4
69bf2000-69bf6000 r--s 00000000 08:08 1058242    /var/cache/fontconfig/2cd17615ca594fa2959ae173292e504c-le32d4.cache-4
69bf6000-69bf7000 r--s 00000000 08:08 1058274    /var/cache/fontconfig/e7071f4a29fa870f4323321c154eba04-le32d4.cache-4
69bf7000-69c00000 r--s 00000000 08:08 1058252    /var/cache/fontconfig/6d41288fd70b0be22e8c3a91e032eec0-le32d4.cache-4
69c00000-69cfb000 rw-p 00000000 00:00 0 
69cfb000-69d00000 ---p 00000000 00:00 0 
69d00000-69df4000 rw-p 00000000 00:00 0 
69df4000-69e00000 ---p 00000000 00:00 0 
69e00000-69ef8000 rw-p 00000000 00:00 0 
69ef8000-69f00000 ---p 00000000 00:00 0 
69f00000-69fec000 rw-p 00000000 00:00 0 
69fec000-6a000000 ---p 00000000 00:00 0 
6a000000-6a0fd000 rw-p 00000000 00:00 0 
6a0fd000-6a100000 ---p 00000000 00:00 0 
6a100000-6a101000 r--s 00000000 08:08 1058270    /var/cache/fontconfig/617957603a337376ca8784972c6029f5-le32d4.cache-4
6a101000-6a102000 r--s 00000000 08:08 1058239    /var/cache/fontconfig/0d8c3b2ac0904cb8a57a757ad11a4a08-le32d4.cache-4
6a102000-6a107000 r--s 00000000 08:08 1058261    /var/cache/fontconfig/a755afe4a08bf5b97852ceb7400b47bc-le32d4.cache-4
6a107000-6a116000 r--s 00000000 08:08 1058237    /var/cache/fontconfig/04aabc0a78ac019cf9454389977116d2-le32d4.cache-4
6a116000-6a117000 r--s 00000000 08:08 1058241    /var/cache/fontconfig/1ac9eb803944fde146138c791f5cc56a-le32d4.cache-4
6a117000-6a11a000 r--s 00000000 08:08 1058245    /var/cache/fontconfig/385c0604a188198f04d133e54aba7fe7-le32d4.cache-4
6a11a000-6a11b000 r--s 00000000 08:08 1058271    /var/cache/fontconfig/dc05db6664285cc2f12bf69c139ae4c3-le32d4.cache-4
6a11b000-6a11e000 r--s 00000000 08:08 1058256    /var/cache/fontconfig/8801497958630a81b71ace7c5f9b32a8-le32d4.cache-4
6a11e000-6a123000 r--s 00000000 08:08 1058243    /var/cache/fontconfig/3047814df9a2f067bd2d96a2b9c36e5a-le32d4.cache-4
6a123000-6a127000 r--s 00000000 08:08 1058262    /var/cache/fontconfig/b47c4e1ecd0709278f4910c18777a504-le32d4.cache-4
6a127000-6a137000 r--s 00000000 08:08 1058268    /var/cache/fontconfig/d52a8644073d54c13679302ca1180695-le32d4.cache-4
6a137000-6a13e000 r--s 00000000 08:08 1058246    /var/cache/fontconfig/3f7329c5293ffd510edef78f73874cfd-le32d4.cache-4
6a13e000-6a147000 r--s 00000000 08:08 1058269    /var/cache/fontconfig/d589a48862398ed80a3d6066f4f56f4c-le32d4.cache-4
6a147000-6a194000 r-xp 00000000 08:08 1197414    /usr/lib/jvm/jdk1.7.0_51/jre/lib/i386/libjavafx-font.so
6a194000-6a195000 ---p 0004d000 08:08 1197414    /usr/lib/jvm/jdk1.7.0_51/jre/lib/i386/libjavafx-font.so
6a195000-6a198000 r--p 0004d000 08:08 1197414    /usr/lib/jvm/jdk1.7.0_51/jre/lib/i386/libjavafx-font.so
6a198000-6a199000 rw-p 00050000 08:08 1197414    /usr/lib/jvm/jdk1.7.0_51/jre/lib/i386/libjavafx-font.so
6a199000-6a1cb000 r-xp 00000000 08:08 1196693    /usr/lib/jvm/jdk1.7.0_51/jre/lib/i386/libjavafx-iio.so
6a1cb000-6a1cc000 r--p 00032000 08:08 1196693    /usr/lib/jvm/jdk1.7.0_51/jre/lib/i386/libjavafx-iio.so
6a1cc000-6a1cd000 rw-p 00033000 08:08 1196693    /usr/lib/jvm/jdk1.7.0_51/jre/lib/i386/libjavafx-iio.so
6a1cd000-6a1d0000 ---p 00000000 00:00 0 
6a1d0000-6a21e000 rw-p 00000000 00:00 0          [stack:6755]
6a21e000-6a221000 ---p 00000000 00:00 0 
6a221000-6a26f000 rw-p 00000000 00:00 0          [stack:6754]
6a26f000-6a2a4000 r-xp 00000000 08:08 1178898    /usr/lib/i386-linux-gnu/gtk-2.0/2.10.0/engines/libmurrine.so
6a2a4000-6a2a5000 r--p 00034000 08:08 1178898    /usr/lib/i386-linux-gnu/gtk-2.0/2.10.0/engines/libmurrine.so
6a2a5000-6a2a6000 rw-p 00035000 08:08 1178898    /usr/lib/i386-linux-gnu/gtk-2.0/2.10.0/engines/libmurrine.so
6a2a6000-6a2ac000 r-xp 00000000 08:08 1049163    /usr/lib/i386-linux-gnu/libdatrie.so.1.2.0
6a2ac000-6a2ad000 r--p 00006000 08:08 1049163    /usr/lib/i386-linux-gnu/libdatrie.so.1.2.0
6a2ad000-6a2ae000 rw-p 00007000 08:08 1049163    /usr/lib/i386-linux-gnu/libdatrie.so.1.2.0
6a2ae000-6a2c6000 r-xp 00000000 08:08 1049428    /usr/lib/i386-linux-gnu/libgraphite2.so.3.0.1
6a2c6000-6a2c7000 ---p 00018000 08:08 1049428    /usr/lib/i386-linux-gnu/libgraphite2.so.3.0.1
6a2c7000-6a2c8000 r--p 00018000 08:08 1049428    /usr/lib/i386-linux-gnu/libgraphite2.so.3.0.1
6a2c8000-6a2c9000 rw-p 00019000 08:08 1049428    /usr/lib/i386-linux-gnu/libgraphite2.so.3.0.1
6a2c9000-6a308000 r-xp 00000000 08:08 914969     /lib/i386-linux-gnu/libpcre.so.3.13.1
6a308000-6a309000 r--p 0003f000 08:08 914969     /lib/i386-linux-gnu/libpcre.so.3.13.1
6a309000-6a30a000 rw-p 00040000 08:08 914969     /lib/i386-linux-gnu/libpcre.so.3.13.1
6a30a000-6a30f000 r-xp 00000000 08:08 1049243    /usr/lib/i386-linux-gnu/libffi.so.6.0.1
6a30f000-6a310000 r--p 00005000 08:08 1049243    /usr/lib/i386-linux-gnu/libffi.so.6.0.1
6a310000-6a311000 rw-p 00006000 08:08 1049243    /usr/lib/i386-linux-gnu/libffi.so.6.0.1
6a311000-6a319000 r-xp 00000000 08:08 1049902    /usr/lib/i386-linux-gnu/libthai.so.0.2.0
6a319000-6a31a000 r--p 00007000 08:08 1049902    /usr/lib/i386-linux-gnu/libthai.so.0.2.0
6a31a000-6a31b000 rw-p 00008000 08:08 1049902    /usr/lib/i386-linux-gnu/libthai.so.0.2.0
6a31b000-6a323000 r-xp 00000000 08:08 1050005    /usr/lib/i386-linux-gnu/libxcb-render.so.0.0.0
6a323000-6a324000 r--p 00008000 08:08 1050005    /usr/lib/i386-linux-gnu/libxcb-render.so.0.0.0
6a324000-6a325000 rw-p 00009000 08:08 1050005    /usr/lib/i386-linux-gnu/libxcb-render.so.0.0.0
6a325000-6a327000 r-xp 00000000 08:08 1050009    /usr/lib/i386-linux-gnu/libxcb-shm.so.0.0.0
6a327000-6a328000 r--p 00001000 08:08 1050009    /usr/lib/i386-linux-gnu/libxcb-shm.so.0.0.0
6a328000-6a329000 rw-p 00002000 08:08 1050009    /usr/lib/i386-linux-gnu/libxcb-shm.so.0.0.0
6a329000-6a34f000 r-xp 00000000 08:08 914981     /lib/i386-linux-gnu/libpng12.so.0.49.0
6a34f000-6a350000 r--p 00025000 08:08 914981     /lib/i386-linux-gnu/libpng12.so.0.49.0
6a350000-6a351000 rw-p 00026000 08:08 914981     /lib/i386-linux-gnu/libpng12.so.0.49.0
6a351000-6a3f5000 r-xp 00000000 08:08 1061334    /usr/lib/i386-linux-gnu/libpixman-1.so.0.30.2
6a3f5000-6a3fa000 r--p 000a4000 08:08 1061334    /usr/lib/i386-linux-gnu/libpixman-1.so.0.30.2
6a3fa000-6a3fb000 rw-p 000a9000 08:08 1061334    /usr/lib/i386-linux-gnu/libpixman-1.so.0.30.2
6a3fb000-6a44c000 r-xp 00000000 08:08 1049556    /usr/lib/i386-linux-gnu/libharfbuzz.so.0.919.0
6a44c000-6a44d000 r--p 00051000 08:08 1049556    /usr/lib/i386-linux-gnu/libharfbuzz.so.0.919.0
6a44d000-6a44e000 rw-p 00052000 08:08 1049556    /usr/lib/i386-linux-gnu/libharfbuzz.so.0.919.0
6a44e000-6a461000 r-xp 00000000 08:08 914992     /lib/i386-linux-gnu/libresolv-2.17.so
6a461000-6a462000 r--p 00013000 08:08 914992     /lib/i386-linux-gnu/libresolv-2.17.so
6a462000-6a463000 rw-p 00014000 08:08 914992     /lib/i386-linux-gnu/libresolv-2.17.so
6a463000-6a465000 rw-p 00000000 00:00 0 
6a465000-6a485000 r-xp 00000000 08:08 914996     /lib/i386-linux-gnu/libselinux.so.1
6a485000-6a486000 r--p 0001f000 08:08 914996     /lib/i386-linux-gnu/libselinux.so.1
6a486000-6a487000 rw-p 00020000 08:08 914996     /lib/i386-linux-gnu/libselinux.so.1
6a487000-6a489000 r-xp 00000000 08:08 1048968    /usr/lib/i386-linux-gnu/libXcomposite.so.1.0.0
6a489000-6a48a000 r--p 00001000 08:08 1048968    /usr/lib/i386-linux-gnu/libXcomposite.so.1.0.0
6a48a000-6a48b000 rw-p 00002000 08:08 1048968    /usr/lib/i386-linux-gnu/libXcomposite.so.1.0.0
6a48b000-6a494000 r-xp 00000000 08:08 1048970    /usr/lib/i386-linux-gnu/libXcursor.so.1.0.2
6a494000-6a495000 r--p 00008000 08:08 1048970    /usr/lib/i386-linux-gnu/libXcursor.so.1.0.2
6a495000-6a496000 rw-p 00009000 08:08 1048970    /usr/lib/i386-linux-gnu/libXcursor.so.1.0.2
6a496000-6a49f000 r-xp 00000000 08:08 1048994    /usr/lib/i386-linux-gnu/libXrandr.so.2.2.0
6a49f000-6a4a0000 r--p 00008000 08:08 1048994    /usr/lib/i386-linux-gnu/libXrandr.so.2.2.0
6a4a0000-6a4a1000 rw-p 00009000 08:08 1048994    /usr/lib/i386-linux-gnu/libXrandr.so.2.2.0
6a4a1000-6a4b0000 r-xp 00000000 08:08 1048984    /usr/lib/i386-linux-gnu/libXi.so.6.1.0
6a4b0000-6a4b1000 r--p 0000e000 08:08 1048984    /usr/lib/i386-linux-gnu/libXi.so.6.1.0
6a4b1000-6a4b2000 rw-p 0000f000 08:08 1048984    /usr/lib/i386-linux-gnu/libXi.so.6.1.0
6a4b2000-6a4bb000 r-xp 00000000 08:08 1048996    /usr/lib/i386-linux-gnu/libXrender.so.1.3.0
6a4bb000-6a4bc000 r--p 00008000 08:08 1048996    /usr/lib/i386-linux-gnu/libXrender.so.1.3.0
6a4bc000-6a4bd000 rw-p 00009000 08:08 1048996    /usr/lib/i386-linux-gnu/libXrender.so.1.3.0
6a4bd000-6a4c2000 r-xp 00000000 08:08 1049002    /usr/lib/i386-linux-gnu/libXtst.so.6.1.0
6a4c2000-6a4c3000 r--p 00004000 08:08 1049002    /usr/lib/i386-linux-gnu/libXtst.so.6.1.0
6a4c3000-6a4c4000 rw-p 00005000 08:08 1049002    /usr/lib/i386-linux-gnu/libXtst.so.6.1.0
6a4c4000-6a5c6000 r-xp 00000000 08:08 919061     /lib/i386-linux-gnu/libglib-2.0.so.0.3800.1
6a5c6000-6a5c7000 r--p 00101000 08:08 919061     /lib/i386-linux-gnu/libglib-2.0.so.0.3800.1
6a5c7000-6a5c8000 rw-p 00102000 08:08 919061     /lib/i386-linux-gnu/libglib-2.0.so.0.3800.1
6a5c8000-6a618000 r-xp 00000000 08:08 1052091    /usr/lib/i386-linux-gnu/libgobject-2.0.so.0.3800.1
6a618000-6a619000 r--p 0004f000 08:08 1052091    /usr/lib/i386-linux-gnu/libgobject-2.0.so.0.3800.1
6a619000-6a61a000 rw-p 00050000 08:08 1052091    /usr/lib/i386-linux-gnu/libgobject-2.0.so.0.3800.1
6a61a000-6a652000 r-xp 00000000 08:08 1049277    /usr/lib/i386-linux-gnu/libfontconfig.so.1.7.0
6a652000-6a653000 r--p 00038000 08:08 1049277    /usr/lib/i386-linux-gnu/libfontconfig.so.1.7.0
6a653000-6a654000 rw-p 00039000 08:08 1049277    /usr/lib/i386-linux-gnu/libfontconfig.so.1.7.0
6a654000-6a6ee000 r-xp 00000000 08:08 1066776    /usr/lib/i386-linux-gnu/libfreetype.so.6.10.1
6a6ee000-6a6f2000 r--p 00099000 08:08 1066776    /usr/lib/i386-linux-gnu/libfreetype.so.6.10.1
6a6f2000-6a6f3000 rw-p 0009d000 08:08 1066776    /usr/lib/i386-linux-gnu/libfreetype.so.6.10.1
6a6f3000-6a73d000 r-xp 00000000 08:08 1049745    /usr/lib/i386-linux-gnu/libpango-1.0.so.0.3200.5
6a73d000-6a73e000 ---p 0004a000 08:08 1049745    /usr/lib/i386-linux-gnu/libpango-1.0.so.0.3200.5
6a73e000-6a73f000 r--p 0004a000 08:08 1049745    /usr/lib/i386-linux-gnu/libpango-1.0.so.0.3200.5
6a73f000-6a740000 rw-p 0004b000 08:08 1049745    /usr/lib/i386-linux-gnu/libpango-1.0.so.0.3200.5
6a740000-6a85d000 r-xp 00000000 08:08 1049096    /usr/lib/i386-linux-gnu/libcairo.so.2.11200.16
6a85d000-6a85f000 r--p 0011d000 08:08 1049096    /usr/lib/i386-linux-gnu/libcairo.so.2.11200.16
6a85f000-6a860000 rw-p 0011f000 08:08 1049096    /usr/lib/i386-linux-gnu/libcairo.so.2.11200.16
6a860000-6a861000 rw-p 00000000 00:00 0 
6a861000-6a882000 r-xp 00000000 08:08 1049343    /usr/lib/i386-linux-gnu/libgdk_pixbuf-2.0.so.0.2800.1
6a882000-6a883000 r--p 00020000 08:08 1049343    /usr/lib/i386-linux-gnu/libgdk_pixbuf-2.0.so.0.2800.1
6a883000-6a884000 rw-p 00021000 08:08 1049343    /usr/lib/i386-linux-gnu/libgdk_pixbuf-2.0.so.0.2800.1
6a884000-6a897000 r-xp 00000000 08:08 1049749    /usr/lib/i386-linux-gnu/libpangoft2-1.0.so.0.3200.5
6a897000-6a898000 r--p 00013000 08:08 1049749    /usr/lib/i386-linux-gnu/libpangoft2-1.0.so.0.3200.5
6a898000-6a899000 rw-p 00014000 08:08 1049749    /usr/lib/i386-linux-gnu/libpangoft2-1.0.so.0.3200.5
6a899000-6aa05000 r-xp 00000000 08:08 1052093    /usr/lib/i386-linux-gnu/libgio-2.0.so.0.3800.1
6aa05000-6aa06000 ---p 0016c000 08:08 1052093    /usr/lib/i386-linux-gnu/libgio-2.0.so.0.3800.1
6aa06000-6aa08000 r--p 0016c000 08:08 1052093    /usr/lib/i386-linux-gnu/libgio-2.0.so.0.3800.1
6aa08000-6aa09000 rw-p 0016e000 08:08 1052093    /usr/lib/i386-linux-gnu/libgio-2.0.so.0.3800.1
6aa09000-6aa0a000 rw-p 00000000 00:00 0 
6aa0a000-6aa28000 r-xp 00000000 08:08 1049047    /usr/lib/i386-linux-gnu/libatk-1.0.so.0.21009.1
6aa28000-6aa2a000 r--p 0001d000 08:08 1049047    /usr/lib/i386-linux-gnu/libatk-1.0.so.0.21009.1
6aa2a000-6aa2b000 rw-p 0001f000 08:08 1049047    /usr/lib/i386-linux-gnu/libatk-1.0.so.0.21009.1
6aa2b000-6aad6000 r-xp 00000000 08:08 1049341    /usr/lib/i386-linux-gnu/libgdk-x11-2.0.so.0.2400.20
6aad6000-6aad8000 r--p 000ab000 08:08 1049341    /usr/lib/i386-linux-gnu/libgdk-x11-2.0.so.0.2400.20
6aad8000-6aad9000 rw-p 000ad000 08:08 1049341    /usr/lib/i386-linux-gnu/libgdk-x11-2.0.so.0.2400.20
6aad9000-6af40000 r-xp 00000000 08:08 1049538    /usr/lib/i386-linux-gnu/libgtk-x11-2.0.so.0.2400.20
6af40000-6af44000 r--p 00466000 08:08 1049538    /usr/lib/i386-linux-gnu/libgtk-x11-2.0.so.0.2400.20
6af44000-6af46000 rw-p 0046a000 08:08 1049538    /usr/lib/i386-linux-gnu/libgtk-x11-2.0.so.0.2400.20
6af46000-6af48000 rw-p 00000000 00:00 0 
6af48000-6af4a000 r--s 00000000 08:08 1058254    /var/cache/fontconfig/767a8244fc0220cfb567a839d0392e0b-le32d4.cache-4
6af4a000-6af54000 r--s 00250000 08:08 1196605    /usr/lib/jvm/jdk1.7.0_51/jre/lib/resources.jar
6af54000-6af5d000 r-xp 00000000 08:08 1178899    /usr/lib/i386-linux-gnu/gtk-2.0/2.10.0/engines/libpixmap.so
6af5d000-6af5e000 r--p 00008000 08:08 1178899    /usr/lib/i386-linux-gnu/gtk-2.0/2.10.0/engines/libpixmap.so
6af5e000-6af5f000 rw-p 00009000 08:08 1178899    /usr/lib/i386-linux-gnu/gtk-2.0/2.10.0/engines/libpixmap.so
6af5f000-6af81000 r-xp 00000000 08:08 1197374    /usr/lib/jvm/jdk1.7.0_51/jre/lib/i386/libglass.so
6af81000-6af82000 r--p 00021000 08:08 1197374    /usr/lib/jvm/jdk1.7.0_51/jre/lib/i386/libglass.so
6af82000-6af83000 rw-p 00022000 08:08 1197374    /usr/lib/jvm/jdk1.7.0_51/jre/lib/i386/libglass.so
6af83000-6af86000 ---p 00000000 00:00 0 
6af86000-6afd4000 rw-p 00000000 00:00 0          [stack:6753]
6afd4000-6afec000 r-xp 00000000 08:08 915029     /lib/i386-linux-gnu/libz.so.1.2.8
6afec000-6afed000 r--p 00017000 08:08 915029     /lib/i386-linux-gnu/libz.so.1.2.8
6afed000-6afee000 rw-p 00018000 08:08 915029     /lib/i386-linux-gnu/libz.so.1.2.8
6afee000-6aff7000 r-xp 00000000 08:08 1049761    /usr/lib/i386-linux-gnu/libpciaccess.so.0.11.1
6aff7000-6aff8000 r--p 00008000 08:08 1049761    /usr/lib/i386-linux-gnu/libpciaccess.so.0.11.1
6aff8000-6aff9000 rw-p 00009000 08:08 1049761    /usr/lib/i386-linux-gnu/libpciaccess.so.0.11.1
6aff9000-6b014000 r-xp 00000000 08:08 918786     /lib/i386-linux-gnu/libgcc_s.so.1
6b014000-6b015000 r--p 0001a000 08:08 918786     /lib/i386-linux-gnu/libgcc_s.so.1
6b015000-6b016000 rw-p 0001b000 08:08 918786     /lib/i386-linux-gnu/libgcc_s.so.1
6b016000-6b0f3000 r-xp 00000000 08:08 1066754    /usr/lib/i386-linux-gnu/libstdc++.so.6.0.18
6b0f3000-6b0f7000 r--p 000dc000 08:08 1066754    /usr/lib/i386-linux-gnu/libstdc++.so.6.0.18
6b0f7000-6b0f8000 rw-p 000e0000 08:08 1066754    /usr/lib/i386-linux-gnu/libstdc++.so.6.0.18
6b0f8000-6b0ff000 rw-p 00000000 00:00 0 
6b0ff000-6b11f000 r-xp 00000000 08:08 1060618    /usr/lib/i386-linux-gnu/libdrm_intel.so.1.0.0
6b11f000-6b120000 r--p 0001f000 08:08 1060618    /usr/lib/i386-linux-gnu/libdrm_intel.so.1.0.0
6b120000-6b121000 rw-p 00020000 08:08 1060618    /usr/lib/i386-linux-gnu/libdrm_intel.so.1.0.0
6b121000-6b146000 r-xp 00000000 08:08 914891     /lib/i386-linux-gnu/libexpat.so.1.6.0
6b146000-6b147000 ---p 00025000 08:08 914891     /lib/i386-linux-gnu/libexpat.so.1.6.0
6b147000-6b149000 r--p 00025000 08:08 914891     /lib/i386-linux-gnu/libexpat.so.1.6.0
6b149000-6b14a000 rw-p 00027000 08:08 914891     /lib/i386-linux-gnu/libexpat.so.1.6.0
6b14a000-6b50f000 r-xp 00000000 08:08 1049194    /usr/lib/i386-linux-gnu/libdricore9.2.1.so.1.0.0
6b50f000-6b517000 r--p 003c5000 08:08 1049194    /usr/lib/i386-linux-gnu/libdricore9.2.1.so.1.0.0
6b517000-6b51d000 rw-p 003cd000 08:08 1049194    /usr/lib/i386-linux-gnu/libdricore9.2.1.so.1.0.0
6b51d000-6b532000 rw-p 00000000 00:00 0 
6b532000-6b61d000 r-xp 00000000 08:08 1177712    /usr/lib/i386-linux-gnu/dri/i965_dri.so
6b61d000-6b61f000 r--p 000eb000 08:08 1177712    /usr/lib/i386-linux-gnu/dri/i965_dri.so
6b61f000-6b620000 rw-p 000ed000 08:08 1177712    /usr/lib/i386-linux-gnu/dri/i965_dri.so
6b620000-6b621000 rw-p 00000000 00:00 0 
6b621000-6b673000 r-xp 00000000 08:08 1179080    /usr/lib/i386-linux-gnu/mesa/libGL.so.1.2.0
6b673000-6b675000 r--p 00051000 08:08 1179080    /usr/lib/i386-linux-gnu/mesa/libGL.so.1.2.0
6b675000-6b67a000 rwxp 00053000 08:08 1179080    /usr/lib/i386-linux-gnu/mesa/libGL.so.1.2.0
6b67a000-6b7aa000 r-xp 00000000 08:08 1048959    /usr/lib/i386-linux-gnu/libX11.so.6.3.0
6b7aa000-6b7ab000 ---p 00130000 08:08 1048959    /usr/lib/i386-linux-gnu/libX11.so.6.3.0
6b7ab000-6b7ac000 r--p 00130000 08:08 1048959    /usr/lib/i386-linux-gnu/libX11.so.6.3.0
6b7ac000-6b7ae000 rw-p 00131000 08:08 1048959    /usr/lib/i386-linux-gnu/libX11.so.6.3.0
6b7ae000-6b7af000 rw-p 00000000 00:00 0 
6b7af000-6b7b2000 ---p 00000000 00:00 0 
6b7b2000-6b800000 rw-p 00000000 00:00 0          [stack:6752]
6b800000-6b8e3000 rw-p 00000000 00:00 0 
6b8e3000-6b900000 ---p 00000000 00:00 0 
6b900000-6b903000 r-xp 00000000 08:08 1052090    /usr/lib/i386-linux-gnu/libgmodule-2.0.so.0.3800.1
6b903000-6b904000 r--p 00002000 08:08 1052090    /usr/lib/i386-linux-gnu/libgmodule-2.0.so.0.3800.1
6b904000-6b905000 rw-p 00003000 08:08 1052090    /usr/lib/i386-linux-gnu/libgmodule-2.0.so.0.3800.1
6b905000-6b90a000 r-xp 00000000 08:08 1064367    /usr/lib/i386-linux-gnu/libXdmcp.so.6.0.0
6b90a000-6b90b000 rw-p 00004000 08:08 1064367    /usr/lib/i386-linux-gnu/libXdmcp.so.6.0.0
6b90b000-6b921000 r-xp 00000000 08:08 1049993    /usr/lib/i386-linux-gnu/libxcb-glx.so.0.0.0
6b921000-6b922000 r--p 00016000 08:08 1049993    /usr/lib/i386-linux-gnu/libxcb-glx.so.0.0.0
6b922000-6b923000 rw-p 00017000 08:08 1049993    /usr/lib/i386-linux-gnu/libxcb-glx.so.0.0.0
6b923000-6b932000 r-xp 00000000 08:08 1049378    /usr/lib/i386-linux-gnu/libglapi.so.0.0.0
6b932000-6b934000 r--p 0000f000 08:08 1049378    /usr/lib/i386-linux-gnu/libglapi.so.0.0.0
6b934000-6b939000 rwxp 00011000 08:08 1049378    /usr/lib/i386-linux-gnu/libglapi.so.0.0.0
6b939000-6b94a000 r-xp 00000000 08:08 1048976    /usr/lib/i386-linux-gnu/libXext.so.6.4.0
6b94a000-6b94b000 r--p 00010000 08:08 1048976    /usr/lib/i386-linux-gnu/libXext.so.6.4.0
6b94b000-6b94c000 rw-p 00011000 08:08 1048976    /usr/lib/i386-linux-gnu/libXext.so.6.4.0
6b94c000-6b94f000 ---p 00000000 00:00 0 
6b94f000-6b99d000 rw-p 00000000 00:00 0          [stack:6751]
6b99d000-6b9a0000 ---p 00000000 00:00 0 
6b9a0000-6b9ee000 rw-p 00000000 00:00 0          [stack:6750]
6b9ee000-6ba7d000 r--s 00de3000 08:08 1197809    /usr/lib/jvm/jdk1.7.0_51/jre/lib/jfxrt.jar
6ba7d000-6ba7e000 ---p 00000000 00:00 0 
6ba7e000-6bafe000 rw-p 00000000 00:00 0          [stack:6749]
6bafe000-6bb01000 ---p 00000000 00:00 0 
6bb01000-6bb7f000 rw-p 00000000 00:00 0          [stack:6747]
6bb7f000-6bb82000 ---p 00000000 00:00 0 
6bb82000-6bc00000 rw-p 00000000 00:00 0          [stack:6746]
6bc00000-6be00000 r--p 00000000 08:08 1050756    /usr/lib/locale/locale-archive
6be00000-6be21000 rw-p 00000000 00:00 0 
6be21000-6bf00000 ---p 00000000 00:00 0 
6bf00000-6bf0b000 r-xp 00000000 08:08 1052033    /usr/lib/i386-linux-gnu/libdrm.so.2.4.0
6bf0b000-6bf0c000 r--p 0000a000 08:08 1052033    /usr/lib/i386-linux-gnu/libdrm.so.2.4.0
6bf0c000-6bf0d000 rw-p 0000b000 08:08 1052033    /usr/lib/i386-linux-gnu/libdrm.so.2.4.0
6bf0d000-6bf10000 ---p 00000000 00:00 0 
6bf10000-6bf5e000 rw-p 00000000 00:00 0          [stack:6748]
6bf5e000-6bf61000 ---p 00000000 00:00 0 
6bf61000-6bfaf000 rw-p 00000000 00:00 0          [stack:6745]
6bfaf000-6bfb2000 ---p 00000000 00:00 0 
6bfb2000-6c000000 rw-p 00000000 00:00 0          [stack:6744]
6c000000-6c0f9000 rw-p 00000000 00:00 0 
6c0f9000-6c100000 ---p 00000000 00:00 0 
6c100000-6c101000 r--s 00000000 08:08 1062285    /var/cache/fontconfig/4794a0821666d79190d59a36cb4f44b5-le32d4.cache-4
6c101000-6c105000 r-xp 00000000 08:08 1049991    /usr/lib/i386-linux-gnu/libxcb-dri2.so.0.0.0
6c105000-6c106000 r--p 00003000 08:08 1049991    /usr/lib/i386-linux-gnu/libxcb-dri2.so.0.0.0
6c106000-6c107000 rw-p 00004000 08:08 1049991    /usr/lib/i386-linux-gnu/libxcb-dri2.so.0.0.0
6c107000-6c10b000 r-xp 00000000 08:08 1048978    /usr/lib/i386-linux-gnu/libXfixes.so.3.1.0
6c10b000-6c10c000 r--p 00003000 08:08 1048978    /usr/lib/i386-linux-gnu/libXfixes.so.3.1.0
6c10c000-6c10d000 rw-p 00004000 08:08 1048978    /usr/lib/i386-linux-gnu/libXfixes.so.3.1.0
6c10d000-6c12c000 r-xp 00000000 08:08 1050019    /usr/lib/i386-linux-gnu/libxcb.so.1.1.0
6c12c000-6c12d000 r--p 0001f000 08:08 1050019    /usr/lib/i386-linux-gnu/libxcb.so.1.1.0
6c12d000-6c12e000 rw-p 00020000 08:08 1050019    /usr/lib/i386-linux-gnu/libxcb.so.1.1.0
6c12e000-6c131000 ---p 00000000 00:00 0 
6c131000-6c17f000 rw-p 00000000 00:00 0          [stack:6743]
6c17f000-6c180000 ---p 00000000 00:00 0 
6c180000-6c200000 rw-p 00000000 00:00 0          [stack:6742]
6c200000-6c2fb000 rw-p 00000000 00:00 0 
6c2fb000-6c300000 ---p 00000000 00:00 0 
6c300000-6c303000 r--s 00000000 08:08 1071456    /var/cache/fontconfig/7ef2298fde41cc6eeb7af42e48b7d293-le32d4.cache-4
6c303000-6c4c0000 r--s 039bf000 08:08 1182175    /usr/lib/jvm/jdk1.7.0_51/jre/lib/rt.jar
6c4c0000-6eb00000 rw-p 00000000 00:00 0 
6eb00000-6ebfe000 rw-p 00000000 00:00 0 
6ebfe000-6ec00000 ---p 00000000 00:00 0 
6ec00000-6ec02000 r-xp 00000000 08:08 1048986    /usr/lib/i386-linux-gnu/libXinerama.so.1.0.0
6ec02000-6ec03000 r--p 00001000 08:08 1048986    /usr/lib/i386-linux-gnu/libXinerama.so.1.0.0
6ec03000-6ec04000 rw-p 00002000 08:08 1048986    /usr/lib/i386-linux-gnu/libXinerama.so.1.0.0
6ec04000-6ec08000 r-xp 00000000 08:08 1049008    /usr/lib/i386-linux-gnu/libXxf86vm.so.1.0.0
6ec08000-6ec09000 r--p 00004000 08:08 1049008    /usr/lib/i386-linux-gnu/libXxf86vm.so.1.0.0
6ec09000-6ec0a000 rw-p 00005000 08:08 1049008    /usr/lib/i386-linux-gnu/libXxf86vm.so.1.0.0
6ec0a000-6ec0c000 r--s 00000000 08:08 1054600    /var/cache/fontconfig/e13b20fdb08344e0e664864cc2ede53d-le32d4.cache-4
6ec0c000-6ec17000 r-xp 00000000 08:08 1049747    /usr/lib/i386-linux-gnu/libpangocairo-1.0.so.0.3200.5
6ec17000-6ec18000 r--p 0000a000 08:08 1049747    /usr/lib/i386-linux-gnu/libpangocairo-1.0.so.0.3200.5
6ec18000-6ec19000 rw-p 0000b000 08:08 1049747    /usr/lib/i386-linux-gnu/libpangocairo-1.0.so.0.3200.5
6ec19000-6ec21000 rw-s 00000000 00:04 106979     /drm mm object (deleted)
6ec21000-6ec34000 r--s 001a6000 08:08 1197813    /usr/lib/jvm/jdk1.7.0_51/jre/lib/plugin.jar
6ec34000-6ec7f000 rw-p 00000000 00:00 0 
6ec7f000-6ec80000 ---p 00000000 00:00 0 
6ec80000-6ed00000 rw-p 00000000 00:00 0          [stack:6741]
6ed00000-6ed21000 rw-p 00000000 00:00 0 
6ed21000-6ee00000 ---p 00000000 00:00 0 
6ee00000-6ee21000 rw-p 00000000 00:00 0 
6ee21000-6ef00000 ---p 00000000 00:00 0 
6ef00000-6ef01000 r--s 00000000 08:08 1058249    /var/cache/fontconfig/56cf4f4769d0f4abc89a4895d7bd3ae1-le32d4.cache-4
6ef01000-6ef02000 r-xp 00000000 08:08 1052092    /usr/lib/i386-linux-gnu/libgthread-2.0.so.0.3800.1
6ef02000-6ef03000 r--p 00000000 08:08 1052092    /usr/lib/i386-linux-gnu/libgthread-2.0.so.0.3800.1
6ef03000-6ef04000 rw-p 00001000 08:08 1052092    /usr/lib/i386-linux-gnu/libgthread-2.0.so.0.3800.1
6ef04000-6ef1f000 r-xp 00000000 08:08 1196697    /usr/lib/jvm/jdk1.7.0_51/jre/lib/i386/libdeploy.so
6ef1f000-6ef20000 rw-p 0001b000 08:08 1196697    /usr/lib/jvm/jdk1.7.0_51/jre/lib/i386/libdeploy.so
6ef20000-6ef7f000 rw-p 00000000 00:00 0 
6ef7f000-6ef80000 ---p 00000000 00:00 0 
6ef80000-6f000000 rw-p 00000000 00:00 0          [stack:6740]
6f000000-6f021000 rw-p 00000000 00:00 0 
6f021000-6f100000 ---p 00000000 00:00 0 
6f100000-6f101000 r--s 00000000 08:08 1050993    /var/cache/fontconfig/b9d506c9ac06c20b433354fa67a72993-le32d4.cache-4
6f101000-6f103000 r-xp 00000000 08:08 1048963    /usr/lib/i386-linux-gnu/libXau.so.6.0.0
6f103000-6f104000 r--p 00001000 08:08 1048963    /usr/lib/i386-linux-gnu/libXau.so.6.0.0
6f104000-6f105000 rw-p 00002000 08:08 1048963    /usr/lib/i386-linux-gnu/libXau.so.6.0.0
6f105000-6f10d000 r-xp 00000000 08:08 1197568    /usr/lib/jvm/jdk1.7.0_51/jre/lib/i386/libprism-es2.so
6f10d000-6f10e000 r--p 00007000 08:08 1197568    /usr/lib/jvm/jdk1.7.0_51/jre/lib/i386/libprism-es2.so
6f10e000-6f10f000 rw-p 00008000 08:08 1197568    /usr/lib/jvm/jdk1.7.0_51/jre/lib/i386/libprism-es2.so
6f10f000-6f127000 r--s 00439000 08:08 1197811    /usr/lib/jvm/jdk1.7.0_51/jre/lib/deploy.jar
6f127000-6f128000 ---p 00000000 00:00 0 
6f128000-6f1a8000 rw-p 00000000 00:00 0          [stack:6739]
6f1a8000-6f1a9000 ---p 00000000 00:00 0 
6f1a9000-6f231000 rw-p 00000000 00:00 0          [stack:6738]
6f231000-6f249000 rw-p 00000000 00:00 0 
6f249000-6f25f000 rw-p 00000000 00:00 0 
6f25f000-6f39f000 rw-p 00000000 00:00 0 
6f39f000-6f3a7000 rw-p 00000000 00:00 0 
6f3a7000-6f3bf000 rw-p 00000000 00:00 0 
6f3bf000-6f3d5000 rw-p 00000000 00:00 0 
6f3d5000-6f514000 rw-p 00000000 00:00 0 
6f514000-6f528000 rw-p 00000000 00:00 0 
6f528000-6f5bf000 rw-p 00000000 00:00 0 
6f5bf000-705c0000 rw-p 00000000 00:00 0 
705c0000-735c0000 rw-p 00000000 00:00 0 
735c0000-76040000 rw-p 00000000 00:00 0 
76040000-9e040000 rw-p 00000000 00:00 0 
9e040000-a0640000 rw-p 00000000 00:00 0 
a0640000-b35c0000 rw-p 00000000 00:00 0 
b35c0000-b35c1000 r--s 00000000 08:08 1058238    /var/cache/fontconfig/0c9eb80ebd1c36541ebe2852d3bb0c49-le32d4.cache-4
b35c1000-b35c3000 r-xp 00000000 08:08 1048972    /usr/lib/i386-linux-gnu/libXdamage.so.1.1.0
b35c3000-b35c4000 r--p 00001000 08:08 1048972    /usr/lib/i386-linux-gnu/libXdamage.so.1.1.0
b35c4000-b35c5000 rw-p 00002000 08:08 1048972    /usr/lib/i386-linux-gnu/libXdamage.so.1.1.0
b35c5000-b35e8000 rw-p 00000000 00:00 0 
b35e8000-b369f000 rw-p 00000000 00:00 0 
b369f000-b38df000 rwxp 00000000 00:00 0 
b38df000-b669f000 rw-p 00000000 00:00 0 
b669f000-b66b6000 r-xp 00000000 08:08 1197643    /usr/lib/jvm/jdk1.7.0_51/jre/lib/i386/libzip.so
b66b6000-b66b7000 rw-p 00017000 08:08 1197643    /usr/lib/jvm/jdk1.7.0_51/jre/lib/i386/libzip.so
b66b7000-b66c2000 r-xp 00000000 08:08 914947     /lib/i386-linux-gnu/libnss_files-2.17.so
b66c2000-b66c3000 r--p 0000a000 08:08 914947     /lib/i386-linux-gnu/libnss_files-2.17.so
b66c3000-b66c4000 rw-p 0000b000 08:08 914947     /lib/i386-linux-gnu/libnss_files-2.17.so
b66c4000-b66ce000 r-xp 00000000 08:08 914951     /lib/i386-linux-gnu/libnss_nis-2.17.so
b66ce000-b66cf000 r--p 00009000 08:08 914951     /lib/i386-linux-gnu/libnss_nis-2.17.so
b66cf000-b66d0000 rw-p 0000a000 08:08 914951     /lib/i386-linux-gnu/libnss_nis-2.17.so
b66d0000-b66e5000 r-xp 00000000 08:08 914941     /lib/i386-linux-gnu/libnsl-2.17.so
b66e5000-b66e6000 r--p 00014000 08:08 914941     /lib/i386-linux-gnu/libnsl-2.17.so
b66e6000-b66e7000 rw-p 00015000 08:08 914941     /lib/i386-linux-gnu/libnsl-2.17.so
b66e7000-b66e9000 rw-p 00000000 00:00 0 
b66e9000-b66ea000 r-xp 00000000 08:08 1048957    /usr/lib/i386-linux-gnu/libX11-xcb.so.1.0.0
b66ea000-b66eb000 r--p 00000000 08:08 1048957    /usr/lib/i386-linux-gnu/libX11-xcb.so.1.0.0
b66eb000-b66ec000 rw-p 00001000 08:08 1048957    /usr/lib/i386-linux-gnu/libX11-xcb.so.1.0.0
b66ec000-b66f5000 r--s 000d4000 08:08 1197680    /usr/lib/jvm/jdk1.7.0_51/jre/lib/javaws.jar
b66f5000-b66f7000 r--s 00096000 08:0c 2752763    /home/saimint/Documents/NetBeans Project/Guass Jordan Elimination/dist/run1039485514/Guass Jordan Elimination.jar
b66f7000-b66f8000 r--p 002c5000 08:08 1050756    /usr/lib/locale/locale-archive
b66f8000-b6700000 rw-s 00000000 08:08 393529     /tmp/hsperfdata_saimint/6733
b6700000-b67f5000 rw-p 00000000 00:00 0 
b67f5000-b6800000 ---p 00000000 00:00 0 
b6800000-b6823000 r-xp 00000000 08:08 1196683    /usr/lib/jvm/jdk1.7.0_51/jre/lib/i386/libjava.so
b6823000-b6824000 rw-p 00022000 08:08 1196683    /usr/lib/jvm/jdk1.7.0_51/jre/lib/i386/libjava.so
b6824000-b682b000 r-xp 00000000 08:08 914994     /lib/i386-linux-gnu/librt-2.17.so
b682b000-b682c000 r--p 00006000 08:08 914994     /lib/i386-linux-gnu/librt-2.17.so
b682c000-b682d000 rw-p 00007000 08:08 914994     /lib/i386-linux-gnu/librt-2.17.so
b682d000-b6830000 ---p 00000000 00:00 0 
b6830000-b687e000 rw-p 00000000 00:00 0          [stack:6737]
b687e000-b68bf000 r-xp 00000000 08:08 914922     /lib/i386-linux-gnu/libm-2.17.so
b68bf000-b68c0000 r--p 00040000 08:08 914922     /lib/i386-linux-gnu/libm-2.17.so
b68c0000-b68c1000 rw-p 00041000 08:08 914922     /lib/i386-linux-gnu/libm-2.17.so
b68c1000-b7138000 r-xp 00000000 08:08 1197641    /usr/lib/jvm/jdk1.7.0_51/jre/lib/i386/server/libjvm.so
b7138000-b719c000 rw-p 00877000 08:08 1197641    /usr/lib/jvm/jdk1.7.0_51/jre/lib/i386/server/libjvm.so
b719c000-b75c0000 rw-p 00000000 00:00 0 
b75c0000-b776e000 r-xp 00000000 08:08 914871     /lib/i386-linux-gnu/libc-2.17.so
b776e000-b7770000 r--p 001ae000 08:08 914871     /lib/i386-linux-gnu/libc-2.17.so
b7770000-b7771000 rw-p 001b0000 08:08 914871     /lib/i386-linux-gnu/libc-2.17.so
b7771000-b7774000 rw-p 00000000 00:00 0 
b7774000-b7777000 r-xp 00000000 08:08 914886     /lib/i386-linux-gnu/libdl-2.17.so
b7777000-b7778000 r--p 00002000 08:08 914886     /lib/i386-linux-gnu/libdl-2.17.so
b7778000-b7779000 rw-p 00003000 08:08 914886     /lib/i386-linux-gnu/libdl-2.17.so
b7779000-b778c000 r-xp 00000000 08:08 1196691    /usr/lib/jvm/jdk1.7.0_51/jre/lib/i386/jli/libjli.so
b778c000-b778d000 rw-p 00012000 08:08 1196691    /usr/lib/jvm/jdk1.7.0_51/jre/lib/i386/jli/libjli.so
b778d000-b778e000 rw-p 00000000 00:00 0 
b778e000-b77a5000 r-xp 00000000 08:08 914986     /lib/i386-linux-gnu/libpthread-2.17.so
b77a5000-b77a6000 r--p 00016000 08:08 914986     /lib/i386-linux-gnu/libpthread-2.17.so
b77a6000-b77a7000 rw-p 00017000 08:08 914986     /lib/i386-linux-gnu/libpthread-2.17.so
b77a7000-b77a9000 rw-p 00000000 00:00 0 
b77a9000-b77b0000 r-xp 00000000 08:08 914943     /lib/i386-linux-gnu/libnss_compat-2.17.so
b77b0000-b77b1000 r--p 00006000 08:08 914943     /lib/i386-linux-gnu/libnss_compat-2.17.so
b77b1000-b77b2000 rw-p 00007000 08:08 914943     /lib/i386-linux-gnu/libnss_compat-2.17.so
b77b2000-b77b3000 rw-p 00000000 00:00 0 
b77b3000-b77b4000 r--p 00000000 00:00 0 
b77b4000-b77bf000 r-xp 00000000 08:08 1196647    /usr/lib/jvm/jdk1.7.0_51/jre/lib/i386/libverify.so
b77bf000-b77c0000 rw-p 0000b000 08:08 1196647    /usr/lib/jvm/jdk1.7.0_51/jre/lib/i386/libverify.so
b77c0000-b77c2000 rw-p 00000000 00:00 0 
b77c2000-b77c3000 r-xp 00000000 00:00 0          [vdso]
b77c3000-b77e3000 r-xp 00000000 08:08 914847     /lib/i386-linux-gnu/ld-2.17.so
b77e3000-b77e4000 r--p 0001f000 08:08 914847     /lib/i386-linux-gnu/ld-2.17.so
b77e4000-b77e5000 rw-p 00020000 08:08 914847     /lib/i386-linux-gnu/ld-2.17.so
bf804000-bf825000 rw-p 00000000 00:00 0          [stack]

VM Arguments:
jvm_args: -Dfile.encoding=UTF-8 
java_command: /home/saimint/Documents/NetBeans Project/Guass Jordan Elimination/dist/run1039485514/Guass Jordan Elimination.jar
Launcher Type: SUN_STANDARD

Environment Variables:
PATH=/usr/local/sbin:/usr/local/bin:/usr/sbin:/usr/bin:/sbin:/bin:/usr/games:/usr/local/games
USERNAME=saimint
LD_LIBRARY_PATH=/usr/lib/jvm/jdk1.7.0_51/jre/lib/amd64:/usr/lib/jvm/jdk1.7.0_51/jre/lib/i386:
SHELL=/bin/bash
DISPLAY=:0.0

Signal Handlers:
SIGSEGV: [libjvm.so+0x7dd5e0], sa_mask[0]=0x7ffbfeff, sa_flags=0x10000004
SIGBUS: [libjvm.so+0x7dd5e0], sa_mask[0]=0x7ffbfeff, sa_flags=0x10000004
SIGFPE: [libjvm.so+0x678d60], sa_mask[0]=0x7ffbfeff, sa_flags=0x10000004
SIGPIPE: SIG_IGN, sa_mask[0]=0x00001000, sa_flags=0x10000000
SIGXFSZ: [libjvm.so+0x678d60], sa_mask[0]=0x7ffbfeff, sa_flags=0x10000004
SIGILL: [libjvm.so+0x678d60], sa_mask[0]=0x7ffbfeff, sa_flags=0x10000004
SIGUSR1: SIG_DFL, sa_mask[0]=0x00000000, sa_flags=0x00000000
SIGUSR2: [libjvm.so+0x67a250], sa_mask[0]=0x00000004, sa_flags=0x10000004
SIGHUP: [libjvm.so+0x67b3a0], sa_mask[0]=0x7ffbfeff, sa_flags=0x10000004
SIGINT: SIG_IGN, sa_mask[0]=0x00000000, sa_flags=0x00000000
SIGTERM: [libjvm.so+0x67b3a0], sa_mask[0]=0x7ffbfeff, sa_flags=0x10000004
SIGQUIT: [libjvm.so+0x67b3a0], sa_mask[0]=0x7ffbfeff, sa_flags=0x10000004


---------------  S Y S T E M  ---------------

OS:Kali Linux 1.0.6

uname:Linux 3.11.0-12-generic #19-Ubuntu SMP Wed Oct 9 16:12:00 UTC 2013 i686
libc:glibc 2.17 NPTL 2.17 
rlimit: STACK 8192k, CORE 0k, NPROC 47280, NOFILE 4096, AS infinity
load average:0.45 0.45 0.55

/proc/meminfo:
MemTotal:        6077676 kB
MemFree:         3067216 kB
Buffers:          113868 kB
Cached:          1393388 kB
SwapCached:            0 kB
Active:          1979776 kB
Inactive:         909288 kB
Active(anon):    1384424 kB
Inactive(anon):   150968 kB
Active(file):     595352 kB
Inactive(file):   758320 kB
Unevictable:          32 kB
Mlocked:              32 kB
HighTotal:       5252868 kB
HighFree:        2452452 kB
LowTotal:         824808 kB
LowFree:          614764 kB
SwapTotal:      12000252 kB
SwapFree:       12000252 kB
Dirty:              1800 kB
Writeback:             0 kB
AnonPages:       1381992 kB
Mapped:           218436 kB
Shmem:            153592 kB
Slab:              74020 kB
SReclaimable:      53924 kB
SUnreclaim:        20096 kB
KernelStack:        4592 kB
PageTables:        14488 kB
NFS_Unstable:          0 kB
Bounce:                0 kB
WritebackTmp:          0 kB
CommitLimit:    15039088 kB
Committed_AS:    4255576 kB
VmallocTotal:     122880 kB
VmallocUsed:       19516 kB
VmallocChunk:     102412 kB
HardwareCorrupted:     0 kB
AnonHugePages:         0 kB
HugePages_Total:       0
HugePages_Free:        0
HugePages_Rsvd:        0
HugePages_Surp:        0
Hugepagesize:       2048 kB
DirectMap4k:       12280 kB
DirectMap2M:      899072 kB


CPU:total 4 (2 cores per cpu, 2 threads per core) family 6 model 58 stepping 9, cmov, cx8, fxsr, mmx, sse, sse2, sse3, ssse3, sse4.1, sse4.2, popcnt, avx, aes, erms, ht, tsc, tscinvbit, tscinv

/proc/cpuinfo:
processor	: 0
vendor_id	: GenuineIntel
cpu family	: 6
model		: 58
model name	: Intel(R) Core(TM) i5-3317U CPU @ 1.70GHz
stepping	: 9
microcode	: 0x15
cpu MHz		: 782.000
cache size	: 3072 KB
physical id	: 0
siblings	: 4
core id		: 0
cpu cores	: 2
apicid		: 0
initial apicid	: 0
fdiv_bug	: no
f00f_bug	: no
coma_bug	: no
fpu		: yes
fpu_exception	: yes
cpuid level	: 13
wp		: yes
flags		: fpu vme de pse tsc msr pae mce cx8 apic sep mtrr pge mca cmov pat pse36 clflush dts acpi mmx fxsr sse sse2 ss ht tm pbe nx rdtscp lm constant_tsc arch_perfmon pebs bts xtopology nonstop_tsc aperfmperf eagerfpu pni pclmulqdq dtes64 monitor ds_cpl vmx est tm2 ssse3 cx16 xtpr pdcm pcid sse4_1 sse4_2 x2apic popcnt tsc_deadline_timer aes xsave avx f16c rdrand lahf_lm ida arat epb xsaveopt pln pts dtherm tpr_shadow vnmi flexpriority ept vpid fsgsbase smep erms
bogomips	: 3392.40
clflush size	: 64
cache_alignment	: 64
address sizes	: 36 bits physical, 48 bits virtual
power management:

processor	: 1
vendor_id	: GenuineIntel
cpu family	: 6
model		: 58
model name	: Intel(R) Core(TM) i5-3317U CPU @ 1.70GHz
stepping	: 9
microcode	: 0x15
cpu MHz		: 782.000
cache size	: 3072 KB
physical id	: 0
siblings	: 4
core id		: 0
cpu cores	: 2
apicid		: 1
initial apicid	: 1
fdiv_bug	: no
f00f_bug	: no
coma_bug	: no
fpu		: yes
fpu_exception	: yes
cpuid level	: 13
wp		: yes
flags		: fpu vme de pse tsc msr pae mce cx8 apic sep mtrr pge mca cmov pat pse36 clflush dts acpi mmx fxsr sse sse2 ss ht tm pbe nx rdtscp lm constant_tsc arch_perfmon pebs bts xtopology nonstop_tsc aperfmperf eagerfpu pni pclmulqdq dtes64 monitor ds_cpl vmx est tm2 ssse3 cx16 xtpr pdcm pcid sse4_1 sse4_2 x2apic popcnt tsc_deadline_timer aes xsave avx f16c rdrand lahf_lm ida arat epb xsaveopt pln pts dtherm tpr_shadow vnmi flexpriority ept vpid fsgsbase smep erms
bogomips	: 3392.40
clflush size	: 64
cache_alignment	: 64
address sizes	: 36 bits physical, 48 bits virtual
power management:

processor	: 2
vendor_id	: GenuineIntel
cpu family	: 6
model		: 58
model name	: Intel(R) Core(TM) i5-3317U CPU @ 1.70GHz
stepping	: 9
microcode	: 0x15
cpu MHz		: 1701.000
cache size	: 3072 KB
physical id	: 0
siblings	: 4
core id		: 1
cpu cores	: 2
apicid		: 2
initial apicid	: 2
fdiv_bug	: no
f00f_bug	: no
coma_bug	: no
fpu		: yes
fpu_exception	: yes
cpuid level	: 13
wp		: yes
flags		: fpu vme de pse tsc msr pae mce cx8 apic sep mtrr pge mca cmov pat pse36 clflush dts acpi mmx fxsr sse sse2 ss ht tm pbe nx rdtscp lm constant_tsc arch_perfmon pebs bts xtopology nonstop_tsc aperfmperf eagerfpu pni pclmulqdq dtes64 monitor ds_cpl vmx est tm2 ssse3 cx16 xtpr pdcm pcid sse4_1 sse4_2 x2apic popcnt tsc_deadline_timer aes xsave avx f16c rdrand lahf_lm ida arat epb xsaveopt pln pts dtherm tpr_shadow vnmi flexpriority ept vpid fsgsbase smep erms
bogomips	: 3392.40
clflush size	: 64
cache_alignment	: 64
address sizes	: 36 bits physical, 48 bits virtual
power management:

processor	: 3
vendor_id	: GenuineIntel
cpu family	: 6
model		: 58
model name	: Intel(R) Core(TM) i5-3317U CPU @ 1.70GHz
stepping	: 9
microcode	: 0x15
cpu MHz		: 782.000
cache size	: 3072 KB
physical id	: 0
siblings	: 4
core id		: 1
cpu cores	: 2
apicid		: 3
initial apicid	: 3
fdiv_bug	: no
f00f_bug	: no
coma_bug	: no
fpu		: yes
fpu_exception	: yes
cpuid level	: 13
wp		: yes
flags		: fpu vme de pse tsc msr pae mce cx8 apic sep mtrr pge mca cmov pat pse36 clflush dts acpi mmx fxsr sse sse2 ss ht tm pbe nx rdtscp lm constant_tsc arch_perfmon pebs bts xtopology nonstop_tsc aperfmperf eagerfpu pni pclmulqdq dtes64 monitor ds_cpl vmx est tm2 ssse3 cx16 xtpr pdcm pcid sse4_1 sse4_2 x2apic popcnt tsc_deadline_timer aes xsave avx f16c rdrand lahf_lm ida arat epb xsaveopt pln pts dtherm tpr_shadow vnmi flexpriority ept vpid fsgsbase smep erms
bogomips	: 3392.40
clflush size	: 64
cache_alignment	: 64
address sizes	: 36 bits physical, 48 bits virtual
power management:



Memory: 4k page, physical 6077676k(3067216k free), swap 12000252k(12000252k free)

vm_info: Java HotSpot(TM) Server VM (24.51-b03) for linux-x86 JRE (1.7.0_51-b13), built on Dec 18 2013 18:45:30 by "java_re" with gcc 4.3.0 20080428 (Red Hat 4.3.0-8)

time: Mon Apr 14 11:57:42 2014
elapsed time: 18 seconds

