#
# A fatal error has been detected by the Java Runtime Environment:
#
#  SIGSEGV (0xb) at pc=0xb6d6f88f, pid=4076, tid=1780529984
#
# JRE version: Java(TM) SE Runtime Environment (7.0_51-b13) (build 1.7.0_51-b13)
# Java VM: Java HotSpot(TM) Server VM (24.51-b03 mixed mode linux-x86 )
# Problematic frame:
# V  [libjvm.so+0x4bc88f]  jni_invoke_nonstatic(JNIEnv_*, JavaValue*, _jobject*, JNICallType, _jmethodID*, JNI_ArgumentPusher*, Thread*)+0x2f
#
# Failed to write core dump. Core dumps have been disabled. To enable core dumping, try "ulimit -c unlimited" before starting Java again
#
# If you would like to submit a bug report, please visit:
#   http://bugreport.sun.com/bugreport/crash.jsp
#

---------------  T H R E A D  ---------------

Current thread (0x6b8a4800):  JavaThread "JavaFX Application Thread" [_thread_in_vm, id=4098, stack(0x6a1bb000,0x6a20c000)]

siginfo:si_signo=SIGSEGV: si_errno=0, si_code=1 (SEGV_MAPERR), si_addr=0x439296b0

Registers:
EAX=0x439296b0, EBX=0xb7175c18, ECX=0xb675a9f4, EDX=0x6a20a9a8
ESP=0x6a20a880, EBP=0x6a20a948, ESI=0x6a20a97c, EDI=0x6b8a4800
EIP=0xb6d6f88f, EFLAGS=0x00210202, CR2=0x439296b0

Top of Stack: (sp=0x6a20a880)
0x6a20a880:   00000000 6a20a8cc 6a20a910 6a20a9a8
0x6a20a890:   6b8a4930 b6d8b360 00053e00 6eb2cb60
0x6a20a8a0:   6eb2cb68 6eb2cf54 6b8cac88 000003ec
0x6a20a8b0:   014b2abc 00000000 6f8b5708 6eb005ec
0x6a20a8c0:   6a20aaac 6eb005f0 6b883e00 6b6ffc64
0x6a20a8d0:   9e2c8818 0000006f 0000000a 9e9794d0
0x6a20a8e0:   00000000 00000000 6eb005d0 6eb005f4
0x6a20a8f0:   000001c4 00000001 6a20ae30 6a20a8d0 

Instructions: (pc=0xb6d6f88f)
0xb6d6f86f:   ff ff ff 8b 45 08 e8 00 00 00 00 5b 81 c3 9e 63
0xb6d6f87f:   40 00 89 95 44 ff ff ff 85 c0 0f 84 41 05 00 00
0xb6d6f88f:   8b 00 85 c0 0f 84 37 05 00 00 56 56 50 8b 45 18
0xb6d6f89f:   8b 88 b4 00 00 00 51 e8 45 dc d0 ff 8b 55 10 89 

Register to memory mapping:

EAX=0x439296b0 is an unknown value
EBX=0xb7175c18: <offset 0x8c2c18> in /usr/lib/jvm/jdk1.7.0_51/jre/lib/i386/server/libjvm.so at 0xb68b3000
ECX=0xb675a9f4 is a weak global jni handle
EDX=0x6a20a9a8 is pointing into the stack for thread: 0x6b8a4800
ESP=0x6a20a880 is pointing into the stack for thread: 0x6b8a4800
EBP=0x6a20a948 is pointing into the stack for thread: 0x6b8a4800
ESI=0x6a20a97c is pointing into the stack for thread: 0x6b8a4800
EDI=0x6b8a4800 is a thread


Stack: [0x6a1bb000,0x6a20c000],  sp=0x6a20a880,  free space=318k
Native frames: (J=compiled Java code, j=interpreted, Vv=VM code, C=native code)
V  [libjvm.so+0x4bc88f]  jni_invoke_nonstatic(JNIEnv_*, JavaValue*, _jobject*, JNICallType, _jmethodID*, JNI_ArgumentPusher*, Thread*)+0x2f
V  [libjvm.so+0x4c1e1d]  jni_CallVoidMethodV+0xbd
C  [libglass.so+0xe6c9]  JNIEnv_::CallVoidMethod(_jobject*, _jmethodID*, ...)+0x29
C  [libglass.so+0x15c69]  WindowContextBase::process_key(_GdkEventKey*)+0x229
C  [libglass.so+0x18ba2]  WindowContextBase::im_filter_keypress(_GdkEventKey*)+0x1f2
C  [libglass.so+0x18c84]  WindowContextBase::filterIME(_GdkEvent*)+0x54
C  [libglass.so+0xe434]  process_events(_GdkEvent*, void*)+0x1a4

Java frames: (J=compiled Java code, j=interpreted, Vv=VM code)
j  com.sun.glass.ui.gtk.GtkApplication._runLoop([Ljava/lang/String;Lcom/sun/glass/ui/Launchable;Z)V+0
j  com.sun.glass.ui.gtk.GtkApplication$3$1.run()V+38
j  java.lang.Thread.run()V+11
v  ~StubRoutines::call_stub

---------------  P R O C E S S  ---------------

Java Threads: ( => current thread )
  0x092a2c00 JavaThread "Java2D Disposer" daemon [_thread_blocked, id=4102, stack(0x695af000,0x69600000)]
  0x698c2400 JavaThread "Prism Font Disposer" daemon [_thread_blocked, id=4100, stack(0x69d7c000,0x69dcd000)]
=>0x6b8a4800 JavaThread "JavaFX Application Thread" [_thread_in_vm, id=4098, stack(0x6a1bb000,0x6a20c000)]
  0x6b8c9c00 JavaThread "Thread-3" daemon [_thread_blocked, id=4097, stack(0x6a20c000,0x6a25d000)]
  0x6b842c00 JavaThread "Disposer" daemon [_thread_blocked, id=4096, stack(0x6af7d000,0x6afce000)]
  0x6b83e000 JavaThread "QuantumRenderer-0" daemon [_thread_blocked, id=4095, stack(0x6b7af000,0x6b800000)]
  0x6b802400 JavaThread "JavaFX-Launcher" [_thread_blocked, id=4094, stack(0x6b94c000,0x6b99d000)]
  0x6c2fa800 JavaThread "traceMsgQueueThread" daemon [_thread_blocked, id=4093, stack(0x6b99d000,0x6b9ee000)]
  0x6c29a800 JavaThread "Service Thread" daemon [_thread_blocked, id=4091, stack(0x6bf0d000,0x6bf5e000)]
  0x6c298c00 JavaThread "C2 CompilerThread1" daemon [_thread_blocked, id=4090, stack(0x6bafe000,0x6bb7f000)]
  0x6c296c00 JavaThread "C2 CompilerThread0" daemon [_thread_blocked, id=4089, stack(0x6bb7f000,0x6bc00000)]
  0x6c295400 JavaThread "Signal Dispatcher" daemon [_thread_blocked, id=4088, stack(0x6bf5e000,0x6bfaf000)]
  0x6c285400 JavaThread "Finalizer" daemon [_thread_blocked, id=4087, stack(0x6bfaf000,0x6c000000)]
  0x6c282c00 JavaThread "Reference Handler" daemon [_thread_blocked, id=4086, stack(0x6c12e000,0x6c17f000)]
  0xb6707400 JavaThread "main" [_thread_blocked, id=4080, stack(0xb681f000,0xb6870000)]

Other Threads:
  0x6c281400 VMThread [stack: 0x6c17f000,0x6c200000] [id=4085]
  0x6c29c800 WatcherThread [stack: 0x6ba7d000,0x6bafe000] [id=4092]

VM state:not at safepoint (normal execution)

VM Mutex/Monitor currently owned by a thread: None

Heap
 PSYoungGen      total 19456K, used 12204K [0x9e040000, 0xa0640000, 0xb35c0000)
  eden space 16896K, 57% used [0x9e040000,0x9e9ad660,0x9f0c0000)
  from space 2560K, 99% used [0x9f340000,0x9f5bdd20,0x9f5c0000)
  to   space 2560K, 0% used [0x9f0c0000,0x9f0c0000,0x9f340000)
 ParOldGen       total 43520K, used 4681K [0x735c0000, 0x76040000, 0x9e040000)
  object space 43520K, 10% used [0x735c0000,0x73a524d0,0x76040000)
 PSPermGen       total 16384K, used 12127K [0x6f5c0000, 0x705c0000, 0x735c0000)
  object space 16384K, 74% used [0x6f5c0000,0x70197fa8,0x705c0000)

Card table byte_map: [0x6f39f000,0x6f5c0000] byte_map_base: 0x6f024200

Polling page: 0xb77a5000

Code Cache  [0xb3687000, 0xb38c7000, 0xb6687000)
 total_blobs=555 nmethods=226 adapters=282 free_code_cache=48140Kb largest_free_block=49224896

Compilation events (10 events):
Event: 13.443 Thread 0x6c296c00  231             java.lang.Math::round (20 bytes)
Event: 13.446 Thread 0x6c296c00 nmethod 231 0xb3775a08 code [0xb3775b40, 0xb3775c90]
Event: 14.850 Thread 0x6c298c00  232             javafx.util.Duration::toMillis (5 bytes)
Event: 14.850 Thread 0x6c296c00  233   !         java.util.WeakHashMap::expungeStaleEntries (139 bytes)
Event: 14.851 Thread 0x6c298c00 nmethod 232 0xb36d5488 code [0xb36d5560, 0xb36d55b0]
Event: 14.856 Thread 0x6c296c00 nmethod 233 0xb36f80c8 code [0xb36f8200, 0xb36f847c]
Event: 14.950 Thread 0x6c298c00  234             javafx.animation.KeyFrame::getTime (5 bytes)
Event: 14.951 Thread 0x6c298c00 nmethod 234 0xb36d5308 code [0xb36d53e0, 0xb36d5430]
Event: 15.202 Thread 0x6c296c00  235             java.util.ArrayList$Itr::hasNext (20 bytes)
Event: 15.204 Thread 0x6c296c00 nmethod 235 0xb36fbc48 code [0xb36fbd40, 0xb36fbdb0]

GC Heap History (4 events):
Event: 0.727 GC heap before
{Heap before GC invocations=1 (full 0):
 PSYoungGen      total 19456K, used 16896K [0x9e040000, 0x9f5c0000, 0xb35c0000)
  eden space 16896K, 100% used [0x9e040000,0x9f0c0000,0x9f0c0000)
  from space 2560K, 0% used [0x9f340000,0x9f340000,0x9f5c0000)
  to   space 2560K, 0% used [0x9f0c0000,0x9f0c0000,0x9f340000)
 ParOldGen       total 43520K, used 0K [0x735c0000, 0x76040000, 0x9e040000)
  object space 43520K, 0% used [0x735c0000,0x735c0000,0x76040000)
 PSPermGen       total 16384K, used 6697K [0x6f5c0000, 0x705c0000, 0x735c0000)
  object space 16384K, 40% used [0x6f5c0000,0x6fc4a6c8,0x705c0000)
Event: 0.732 GC heap after
Heap after GC invocations=1 (full 0):
 PSYoungGen      total 19456K, used 2518K [0x9e040000, 0x9f5c0000, 0xb35c0000)
  eden space 16896K, 0% used [0x9e040000,0x9e040000,0x9f0c0000)
  from space 2560K, 98% used [0x9f0c0000,0x9f335b80,0x9f340000)
  to   space 2560K, 0% used [0x9f340000,0x9f340000,0x9f5c0000)
 ParOldGen       total 43520K, used 4K [0x735c0000, 0x76040000, 0x9e040000)
  object space 43520K, 0% used [0x735c0000,0x735c1000,0x76040000)
 PSPermGen       total 16384K, used 6697K [0x6f5c0000, 0x705c0000, 0x735c0000)
  object space 16384K, 40% used [0x6f5c0000,0x6fc4a6c8,0x705c0000)
}
Event: 1.528 GC heap before
{Heap before GC invocations=2 (full 0):
 PSYoungGen      total 19456K, used 19414K [0x9e040000, 0x9f5c0000, 0xb35c0000)
  eden space 16896K, 100% used [0x9e040000,0x9f0c0000,0x9f0c0000)
  from space 2560K, 98% used [0x9f0c0000,0x9f335b80,0x9f340000)
  to   space 2560K, 0% used [0x9f340000,0x9f340000,0x9f5c0000)
 ParOldGen       total 43520K, used 4K [0x735c0000, 0x76040000, 0x9e040000)
  object space 43520K, 0% used [0x735c0000,0x735c1000,0x76040000)
 PSPermGen       total 16384K, used 11269K [0x6f5c0000, 0x705c0000, 0x735c0000)
  object space 16384K, 68% used [0x6f5c0000,0x700c1578,0x705c0000)
Event: 1.543 GC heap after
Heap after GC invocations=2 (full 0):
 PSYoungGen      total 19456K, used 2551K [0x9e040000, 0xa0640000, 0xb35c0000)
  eden space 16896K, 0% used [0x9e040000,0x9e040000,0x9f0c0000)
  from space 2560K, 99% used [0x9f340000,0x9f5bdd20,0x9f5c0000)
  to   space 2560K, 0% used [0x9f0c0000,0x9f0c0000,0x9f340000)
 ParOldGen       total 43520K, used 4681K [0x735c0000, 0x76040000, 0x9e040000)
  object space 43520K, 10% used [0x735c0000,0x73a524d0,0x76040000)
 PSPermGen       total 16384K, used 11269K [0x6f5c0000, 0x705c0000, 0x735c0000)
  object space 16384K, 68% used [0x6f5c0000,0x700c1578,0x705c0000)
}

Deoptimization events (10 events):
Event: 4.413 Thread 0x6b8a4800 Uncommon trap: reason=unreached action=reinterpret pc=0xb37216b8 method=com.sun.javafx.css.CompoundSelector.applies(Ljavafx/scene/Node;I)Z @ 65
Event: 4.426 Thread 0x6b8a4800 Uncommon trap: reason=unreached action=reinterpret pc=0xb3745b50 method=com.sun.javafx.css.StyleManager$StylesheetContainer.getStyleHelper(Ljavafx/scene/Node;)Lcom/sun/javafx/css/StyleHelper; @ 219
Event: 4.457 Thread 0x6b8a4800 Uncommon trap: reason=null_assert action=make_not_entrant pc=0xb37251e0 method=com.sun.javafx.css.StyleManager$StylesheetContainer.getStyleHelper(Ljavafx/scene/Node;)Lcom/sun/javafx/css/StyleHelper; @ 868
Event: 4.462 Thread 0x6b8a4800 Uncommon trap: reason=bimorphic action=maybe_recompile pc=0xb37317cc method=javafx.beans.property.StringPropertyBase.get()Ljava/lang/String; @ 23
Event: 4.462 Thread 0x6b8a4800 Uncommon trap: reason=bimorphic action=maybe_recompile pc=0xb37317cc method=javafx.beans.property.StringPropertyBase.get()Ljava/lang/String; @ 23
Event: 4.463 Thread 0x6b8a4800 Uncommon trap: reason=bimorphic action=maybe_recompile pc=0xb37317cc method=javafx.beans.property.StringPropertyBase.get()Ljava/lang/String; @ 23
Event: 4.463 Thread 0x6b8a4800 Uncommon trap: reason=bimorphic action=maybe_recompile pc=0xb37317cc method=javafx.beans.property.StringPropertyBase.get()Ljava/lang/String; @ 23
Event: 4.500 Thread 0x6b8a4800 Uncommon trap: reason=class_check action=maybe_recompile pc=0xb3700d08 method=java.util.HashMap.put(Ljava/lang/Object;Ljava/lang/Object;)Ljava/lang/Object; @ 105
Event: 4.500 Thread 0x6b8a4800 Uncommon trap: reason=class_check action=maybe_recompile pc=0xb3700d08 method=java.util.HashMap.put(Ljava/lang/Object;Ljava/lang/Object;)Ljava/lang/Object; @ 105
Event: 6.436 Thread 0x6b8a4800 Uncommon trap: reason=null_check action=make_not_entrant pc=0xb377e840 method=javafx.scene.Node.getId()Ljava/lang/String; @ 18

Internal exceptions (10 events):
Event: 4.379 Thread 0x6b8a4800 Threw 0x9e1d77c8 at /HUDSON/workspace/7u-2-build-linux-i586/jdk7u51/527/hotspot/src/share/vm/prims/jvm.cpp:1244
Event: 4.379 Thread 0x6b8a4800 Threw 0x9e1d86a8 at /HUDSON/workspace/7u-2-build-linux-i586/jdk7u51/527/hotspot/src/share/vm/prims/jvm.cpp:1244
Event: 4.379 Thread 0x6b8a4800 Threw 0x9e1d94c8 at /HUDSON/workspace/7u-2-build-linux-i586/jdk7u51/527/hotspot/src/share/vm/prims/jvm.cpp:1244
Event: 4.379 Thread 0x6b8a4800 Threw 0x9e1da418 at /HUDSON/workspace/7u-2-build-linux-i586/jdk7u51/527/hotspot/src/share/vm/prims/jvm.cpp:1244
Event: 4.381 Thread 0x6b8a4800 Threw 0x9e1f5aa8 at /HUDSON/workspace/7u-2-build-linux-i586/jdk7u51/527/hotspot/src/share/vm/prims/jvm.cpp:1244
Event: 4.382 Thread 0x6b8a4800 Threw 0x9e1f67b0 at /HUDSON/workspace/7u-2-build-linux-i586/jdk7u51/527/hotspot/src/share/vm/prims/jvm.cpp:1244
Event: 4.388 Thread 0x6b8a4800 Threw 0x9e230378 at /HUDSON/workspace/7u-2-build-linux-i586/jdk7u51/527/hotspot/src/share/vm/interpreter/interpreterRuntime.cpp:347
Event: 4.413 Thread 0x6b8a4800 Implicit null exception at 0xb3720ebd to 0xb37216a9
Event: 4.769 Thread 0x6b83e000 Threw 0x9e78bc20 at /HUDSON/workspace/7u-2-build-linux-i586/jdk7u51/527/hotspot/src/share/vm/interpreter/linkResolver.cpp:883
Event: 6.436 Thread 0x6b8a4800 Implicit null exception at 0xb377a7b0 to 0xb377e831

Events (10 events):
Event: 15.208 loading class 0x69bada68
Event: 15.208 loading class 0x69bada68 done
Event: 15.208 loading class 0x69baeb58
Event: 15.209 loading class 0x69baeb58 done
Event: 15.209 loading class 0x69bafd38
Event: 15.209 loading class 0x69bafd38 done
Event: 15.209 loading class 0x69baeb88
Event: 15.209 loading class 0x69baeb88 done
Event: 15.209 loading class 0x69bafd68
Event: 15.210 loading class 0x69bafd68 done


Dynamic libraries:
08048000-08049000 r-xp 00000000 08:08 1076799    /usr/lib/jvm/jdk1.7.0_51/jre/bin/java
08049000-0804a000 rw-p 00000000 08:08 1076799    /usr/lib/jvm/jdk1.7.0_51/jre/bin/java
09025000-092e9000 rw-p 00000000 00:00 0          [heap]
68d00000-68df4000 rw-p 00000000 00:00 0 
68df4000-68e00000 ---p 00000000 00:00 0 
68f00000-68ffa000 rw-p 00000000 00:00 0 
68ffa000-69000000 ---p 00000000 00:00 0 
690e7000-69300000 rw-p 00000000 00:00 0 
69300000-693d8000 rw-p 00000000 00:00 0 
693d8000-69400000 ---p 00000000 00:00 0 
6944e000-69473000 r-xp 00000000 08:08 1196659    /usr/lib/jvm/jdk1.7.0_51/jre/lib/i386/libdcpr.so
69473000-69476000 rw-p 00024000 08:08 1196659    /usr/lib/jvm/jdk1.7.0_51/jre/lib/i386/libdcpr.so
69476000-694d6000 r-xp 00000000 08:08 1196705    /usr/lib/jvm/jdk1.7.0_51/jre/lib/i386/libt2k.so
694d6000-694da000 rw-p 0005f000 08:08 1196705    /usr/lib/jvm/jdk1.7.0_51/jre/lib/i386/libt2k.so
694da000-694de000 rw-p 00000000 00:00 0 
694de000-694f4000 r--s 00000000 08:08 523554     /usr/share/fonts/type1/gsfonts/n022024l.pfb
694f4000-69504000 r--s 00000000 08:08 927673     /usr/share/texlive/texmf-dist/fonts/type1/adobe/courier/pcrb8a.pfb
69504000-6951c000 r--s 00000000 08:08 523545     /usr/share/fonts/type1/gsfonts/n022003l.pfb
6951c000-6952d000 r--s 00000000 08:08 523518     /usr/share/fonts/type1/gsfonts/n019024l.pfb
6952d000-69546000 r--s 00000000 08:08 523536     /usr/share/fonts/type1/gsfonts/n021004l.pfb
69546000-69558000 r--s 00000000 08:08 523512     /usr/share/fonts/type1/gsfonts/n019004l.pfb
69558000-69567000 r--s 00000000 08:08 927674     /usr/share/texlive/texmf-dist/fonts/type1/adobe/courier/pcrro8a.pfb
69567000-69580000 r--s 00000000 08:08 523548     /usr/share/fonts/type1/gsfonts/n022004l.pfb
69580000-69599000 r--s 00000000 08:08 523533     /usr/share/fonts/type1/gsfonts/n021003l.pfb
69599000-695af000 r--s 00000000 08:08 523542     /usr/share/fonts/type1/gsfonts/n021024l.pfb
695af000-695b2000 ---p 00000000 00:00 0 
695b2000-69600000 rw-p 00000000 00:00 0          [stack:4102]
69600000-696ff000 rw-p 00000000 00:00 0 
696ff000-69700000 ---p 00000000 00:00 0 
6970d000-69723000 r--s 00000000 08:08 523551     /usr/share/fonts/type1/gsfonts/n022023l.pfb
69723000-6973a000 r--s 00000000 08:08 523539     /usr/share/fonts/type1/gsfonts/n021023l.pfb
6973a000-69744000 r--s 00000000 08:08 523575     /usr/share/fonts/type1/mathml/Symbol.pfb
69744000-69755000 r--s 00000000 08:08 523515     /usr/share/fonts/type1/gsfonts/n019023l.pfb
69755000-69769000 r--s 00000000 08:08 523509     /usr/share/fonts/type1/gsfonts/n019003l.pfb
69769000-69779000 r--s 00000000 08:08 927678     /usr/share/texlive/texmf-dist/fonts/type1/adobe/courier/pcrr8a.pfb
69779000-69789000 r--s 00000000 08:08 927675     /usr/share/texlive/texmf-dist/fonts/type1/adobe/courier/pcrbo8a.pfb
69789000-69797000 r-xp 00000000 08:08 1197429    /usr/lib/jvm/jdk1.7.0_51/jre/lib/i386/libnio.so
69797000-69798000 rw-p 0000e000 08:08 1197429    /usr/lib/jvm/jdk1.7.0_51/jre/lib/i386/libnio.so
69798000-697f9000 r-xp 00000000 08:08 1197574    /usr/lib/jvm/jdk1.7.0_51/jre/lib/i386/libfontmanager.so
697f9000-697fc000 rw-p 00060000 08:08 1197574    /usr/lib/jvm/jdk1.7.0_51/jre/lib/i386/libfontmanager.so
697fc000-69800000 rw-p 00000000 00:00 0 
69800000-698fa000 rw-p 00000000 00:00 0 
698fa000-69900000 ---p 00000000 00:00 0 
69903000-6994c000 r-xp 00000000 08:08 1196645    /usr/lib/jvm/jdk1.7.0_51/jre/lib/i386/xawt/libmawt.so
6994c000-6994e000 rw-p 00049000 08:08 1196645    /usr/lib/jvm/jdk1.7.0_51/jre/lib/i386/xawt/libmawt.so
6994e000-6994f000 rw-p 00000000 00:00 0 
6994f000-699d5000 r-xp 00000000 08:08 1196637    /usr/lib/jvm/jdk1.7.0_51/jre/lib/i386/libawt.so
699d5000-699dc000 rw-p 00086000 08:08 1196637    /usr/lib/jvm/jdk1.7.0_51/jre/lib/i386/libawt.so
699dc000-69a00000 rw-p 00000000 00:00 0 
69a00000-69af0000 rw-p 00000000 00:00 0 
69af0000-69b00000 ---p 00000000 00:00 0 
69b00000-69bf9000 rw-p 00000000 00:00 0 
69bf9000-69c00000 ---p 00000000 00:00 0 
69c00000-69cff000 rw-p 00000000 00:00 0 
69cff000-69d00000 ---p 00000000 00:00 0 
69d02000-69d17000 r-xp 00000000 08:08 1197367    /usr/lib/jvm/jdk1.7.0_51/jre/lib/i386/libnet.so
69d17000-69d18000 rw-p 00014000 08:08 1197367    /usr/lib/jvm/jdk1.7.0_51/jre/lib/i386/libnet.so
69d18000-69d1c000 r--s 000f7000 08:08 1196619    /usr/lib/jvm/jdk1.7.0_51/jre/lib/ext/localedata.jar
69d1c000-69d7c000 rw-s 00000000 00:04 39911436   /SYSV00000000 (deleted)
69d7c000-69d7f000 ---p 00000000 00:00 0 
69d7f000-69dcd000 rw-p 00000000 00:00 0          [stack:4100]
69dcd000-69dd7000 r--s 00000000 08:08 1071457    /var/cache/fontconfig/6aa41aa22e18b8fa06a12da28ea9c28b-le32d4.cache-4
69dd7000-69ddf000 r--s 00000000 08:08 1058257    /var/cache/fontconfig/945677eb7aeaf62f1d50efc3fb3ec7d8-le32d4.cache-4
69ddf000-69de3000 r--s 00000000 08:08 1058242    /var/cache/fontconfig/2cd17615ca594fa2959ae173292e504c-le32d4.cache-4
69de3000-69de8000 r--s 00000000 08:08 1058261    /var/cache/fontconfig/a755afe4a08bf5b97852ceb7400b47bc-le32d4.cache-4
69de8000-69df1000 r--s 00000000 08:08 1058252    /var/cache/fontconfig/6d41288fd70b0be22e8c3a91e032eec0-le32d4.cache-4
69df1000-69e00000 r--s 00000000 08:08 1058237    /var/cache/fontconfig/04aabc0a78ac019cf9454389977116d2-le32d4.cache-4
69e00000-69ec0000 rw-p 00000000 00:00 0 
69ec0000-69f00000 ---p 00000000 00:00 0 
69f00000-6a000000 rw-p 00000000 00:00 0 
6a000000-6a0fc000 rw-p 00000000 00:00 0 
6a0fc000-6a100000 ---p 00000000 00:00 0 
6a100000-6a102000 rw-p 00000000 00:00 0 
6a102000-6a103000 r--s 00000000 08:08 1058264    /var/cache/fontconfig/c05880de57d1f5e948fdfacc138775d9-le32d4.cache-4
6a103000-6a106000 r--s 00000000 08:08 1058245    /var/cache/fontconfig/385c0604a188198f04d133e54aba7fe7-le32d4.cache-4
6a106000-6a109000 r--s 00000000 08:08 1058256    /var/cache/fontconfig/8801497958630a81b71ace7c5f9b32a8-le32d4.cache-4
6a109000-6a10e000 r--s 00000000 08:08 1058243    /var/cache/fontconfig/3047814df9a2f067bd2d96a2b9c36e5a-le32d4.cache-4
6a10e000-6a112000 r--s 00000000 08:08 1058262    /var/cache/fontconfig/b47c4e1ecd0709278f4910c18777a504-le32d4.cache-4
6a112000-6a122000 r--s 00000000 08:08 1058268    /var/cache/fontconfig/d52a8644073d54c13679302ca1180695-le32d4.cache-4
6a122000-6a129000 r--s 00000000 08:08 1058246    /var/cache/fontconfig/3f7329c5293ffd510edef78f73874cfd-le32d4.cache-4
6a129000-6a132000 r--s 00000000 08:08 1058269    /var/cache/fontconfig/d589a48862398ed80a3d6066f4f56f4c-le32d4.cache-4
6a132000-6a135000 r--s 00000000 08:08 1071456    /var/cache/fontconfig/7ef2298fde41cc6eeb7af42e48b7d293-le32d4.cache-4
6a135000-6a182000 r-xp 00000000 08:08 1197414    /usr/lib/jvm/jdk1.7.0_51/jre/lib/i386/libjavafx-font.so
6a182000-6a183000 ---p 0004d000 08:08 1197414    /usr/lib/jvm/jdk1.7.0_51/jre/lib/i386/libjavafx-font.so
6a183000-6a186000 r--p 0004d000 08:08 1197414    /usr/lib/jvm/jdk1.7.0_51/jre/lib/i386/libjavafx-font.so
6a186000-6a187000 rw-p 00050000 08:08 1197414    /usr/lib/jvm/jdk1.7.0_51/jre/lib/i386/libjavafx-font.so
6a187000-6a1b9000 r-xp 00000000 08:08 1196693    /usr/lib/jvm/jdk1.7.0_51/jre/lib/i386/libjavafx-iio.so
6a1b9000-6a1ba000 r--p 00032000 08:08 1196693    /usr/lib/jvm/jdk1.7.0_51/jre/lib/i386/libjavafx-iio.so
6a1ba000-6a1bb000 rw-p 00033000 08:08 1196693    /usr/lib/jvm/jdk1.7.0_51/jre/lib/i386/libjavafx-iio.so
6a1bb000-6a1be000 ---p 00000000 00:00 0 
6a1be000-6a20c000 rw-p 00000000 00:00 0          [stack:4098]
6a20c000-6a20f000 ---p 00000000 00:00 0 
6a20f000-6a25d000 rw-p 00000000 00:00 0          [stack:4097]
6a25d000-6a292000 r-xp 00000000 08:08 1178898    /usr/lib/i386-linux-gnu/gtk-2.0/2.10.0/engines/libmurrine.so
6a292000-6a293000 r--p 00034000 08:08 1178898    /usr/lib/i386-linux-gnu/gtk-2.0/2.10.0/engines/libmurrine.so
6a293000-6a294000 rw-p 00035000 08:08 1178898    /usr/lib/i386-linux-gnu/gtk-2.0/2.10.0/engines/libmurrine.so
6a294000-6a29a000 r-xp 00000000 08:08 1049163    /usr/lib/i386-linux-gnu/libdatrie.so.1.2.0
6a29a000-6a29b000 r--p 00006000 08:08 1049163    /usr/lib/i386-linux-gnu/libdatrie.so.1.2.0
6a29b000-6a29c000 rw-p 00007000 08:08 1049163    /usr/lib/i386-linux-gnu/libdatrie.so.1.2.0
6a29c000-6a2b4000 r-xp 00000000 08:08 1049428    /usr/lib/i386-linux-gnu/libgraphite2.so.3.0.1
6a2b4000-6a2b5000 ---p 00018000 08:08 1049428    /usr/lib/i386-linux-gnu/libgraphite2.so.3.0.1
6a2b5000-6a2b6000 r--p 00018000 08:08 1049428    /usr/lib/i386-linux-gnu/libgraphite2.so.3.0.1
6a2b6000-6a2b7000 rw-p 00019000 08:08 1049428    /usr/lib/i386-linux-gnu/libgraphite2.so.3.0.1
6a2b7000-6a2f6000 r-xp 00000000 08:08 914969     /lib/i386-linux-gnu/libpcre.so.3.13.1
6a2f6000-6a2f7000 r--p 0003f000 08:08 914969     /lib/i386-linux-gnu/libpcre.so.3.13.1
6a2f7000-6a2f8000 rw-p 00040000 08:08 914969     /lib/i386-linux-gnu/libpcre.so.3.13.1
6a2f8000-6a2fd000 r-xp 00000000 08:08 1049243    /usr/lib/i386-linux-gnu/libffi.so.6.0.1
6a2fd000-6a2fe000 r--p 00005000 08:08 1049243    /usr/lib/i386-linux-gnu/libffi.so.6.0.1
6a2fe000-6a2ff000 rw-p 00006000 08:08 1049243    /usr/lib/i386-linux-gnu/libffi.so.6.0.1
6a2ff000-6a307000 r-xp 00000000 08:08 1049902    /usr/lib/i386-linux-gnu/libthai.so.0.2.0
6a307000-6a308000 r--p 00007000 08:08 1049902    /usr/lib/i386-linux-gnu/libthai.so.0.2.0
6a308000-6a309000 rw-p 00008000 08:08 1049902    /usr/lib/i386-linux-gnu/libthai.so.0.2.0
6a309000-6a311000 r-xp 00000000 08:08 1050005    /usr/lib/i386-linux-gnu/libxcb-render.so.0.0.0
6a311000-6a312000 r--p 00008000 08:08 1050005    /usr/lib/i386-linux-gnu/libxcb-render.so.0.0.0
6a312000-6a313000 rw-p 00009000 08:08 1050005    /usr/lib/i386-linux-gnu/libxcb-render.so.0.0.0
6a313000-6a315000 r-xp 00000000 08:08 1050009    /usr/lib/i386-linux-gnu/libxcb-shm.so.0.0.0
6a315000-6a316000 r--p 00001000 08:08 1050009    /usr/lib/i386-linux-gnu/libxcb-shm.so.0.0.0
6a316000-6a317000 rw-p 00002000 08:08 1050009    /usr/lib/i386-linux-gnu/libxcb-shm.so.0.0.0
6a317000-6a33d000 r-xp 00000000 08:08 914981     /lib/i386-linux-gnu/libpng12.so.0.49.0
6a33d000-6a33e000 r--p 00025000 08:08 914981     /lib/i386-linux-gnu/libpng12.so.0.49.0
6a33e000-6a33f000 rw-p 00026000 08:08 914981     /lib/i386-linux-gnu/libpng12.so.0.49.0
6a33f000-6a3e3000 r-xp 00000000 08:08 1061334    /usr/lib/i386-linux-gnu/libpixman-1.so.0.30.2
6a3e3000-6a3e8000 r--p 000a4000 08:08 1061334    /usr/lib/i386-linux-gnu/libpixman-1.so.0.30.2
6a3e8000-6a3e9000 rw-p 000a9000 08:08 1061334    /usr/lib/i386-linux-gnu/libpixman-1.so.0.30.2
6a3e9000-6a43a000 r-xp 00000000 08:08 1049556    /usr/lib/i386-linux-gnu/libharfbuzz.so.0.919.0
6a43a000-6a43b000 r--p 00051000 08:08 1049556    /usr/lib/i386-linux-gnu/libharfbuzz.so.0.919.0
6a43b000-6a43c000 rw-p 00052000 08:08 1049556    /usr/lib/i386-linux-gnu/libharfbuzz.so.0.919.0
6a43c000-6a44f000 r-xp 00000000 08:08 914992     /lib/i386-linux-gnu/libresolv-2.17.so
6a44f000-6a450000 r--p 00013000 08:08 914992     /lib/i386-linux-gnu/libresolv-2.17.so
6a450000-6a451000 rw-p 00014000 08:08 914992     /lib/i386-linux-gnu/libresolv-2.17.so
6a451000-6a453000 rw-p 00000000 00:00 0 
6a453000-6a473000 r-xp 00000000 08:08 914996     /lib/i386-linux-gnu/libselinux.so.1
6a473000-6a474000 r--p 0001f000 08:08 914996     /lib/i386-linux-gnu/libselinux.so.1
6a474000-6a475000 rw-p 00020000 08:08 914996     /lib/i386-linux-gnu/libselinux.so.1
6a475000-6a477000 r-xp 00000000 08:08 1048968    /usr/lib/i386-linux-gnu/libXcomposite.so.1.0.0
6a477000-6a478000 r--p 00001000 08:08 1048968    /usr/lib/i386-linux-gnu/libXcomposite.so.1.0.0
6a478000-6a479000 rw-p 00002000 08:08 1048968    /usr/lib/i386-linux-gnu/libXcomposite.so.1.0.0
6a479000-6a482000 r-xp 00000000 08:08 1048970    /usr/lib/i386-linux-gnu/libXcursor.so.1.0.2
6a482000-6a483000 r--p 00008000 08:08 1048970    /usr/lib/i386-linux-gnu/libXcursor.so.1.0.2
6a483000-6a484000 rw-p 00009000 08:08 1048970    /usr/lib/i386-linux-gnu/libXcursor.so.1.0.2
6a484000-6a48d000 r-xp 00000000 08:08 1048994    /usr/lib/i386-linux-gnu/libXrandr.so.2.2.0
6a48d000-6a48e000 r--p 00008000 08:08 1048994    /usr/lib/i386-linux-gnu/libXrandr.so.2.2.0
6a48e000-6a48f000 rw-p 00009000 08:08 1048994    /usr/lib/i386-linux-gnu/libXrandr.so.2.2.0
6a48f000-6a49e000 r-xp 00000000 08:08 1048984    /usr/lib/i386-linux-gnu/libXi.so.6.1.0
6a49e000-6a49f000 r--p 0000e000 08:08 1048984    /usr/lib/i386-linux-gnu/libXi.so.6.1.0
6a49f000-6a4a0000 rw-p 0000f000 08:08 1048984    /usr/lib/i386-linux-gnu/libXi.so.6.1.0
6a4a0000-6a4a2000 r-xp 00000000 08:08 1048986    /usr/lib/i386-linux-gnu/libXinerama.so.1.0.0
6a4a2000-6a4a3000 r--p 00001000 08:08 1048986    /usr/lib/i386-linux-gnu/libXinerama.so.1.0.0
6a4a3000-6a4a4000 rw-p 00002000 08:08 1048986    /usr/lib/i386-linux-gnu/libXinerama.so.1.0.0
6a4a4000-6a4ad000 r-xp 00000000 08:08 1048996    /usr/lib/i386-linux-gnu/libXrender.so.1.3.0
6a4ad000-6a4ae000 r--p 00008000 08:08 1048996    /usr/lib/i386-linux-gnu/libXrender.so.1.3.0
6a4ae000-6a4af000 rw-p 00009000 08:08 1048996    /usr/lib/i386-linux-gnu/libXrender.so.1.3.0
6a4af000-6a4b4000 r-xp 00000000 08:08 1049002    /usr/lib/i386-linux-gnu/libXtst.so.6.1.0
6a4b4000-6a4b5000 r--p 00004000 08:08 1049002    /usr/lib/i386-linux-gnu/libXtst.so.6.1.0
6a4b5000-6a4b6000 rw-p 00005000 08:08 1049002    /usr/lib/i386-linux-gnu/libXtst.so.6.1.0
6a4b6000-6a5b8000 r-xp 00000000 08:08 919061     /lib/i386-linux-gnu/libglib-2.0.so.0.3800.1
6a5b8000-6a5b9000 r--p 00101000 08:08 919061     /lib/i386-linux-gnu/libglib-2.0.so.0.3800.1
6a5b9000-6a5ba000 rw-p 00102000 08:08 919061     /lib/i386-linux-gnu/libglib-2.0.so.0.3800.1
6a5ba000-6a5bb000 r-xp 00000000 08:08 1052092    /usr/lib/i386-linux-gnu/libgthread-2.0.so.0.3800.1
6a5bb000-6a5bc000 r--p 00000000 08:08 1052092    /usr/lib/i386-linux-gnu/libgthread-2.0.so.0.3800.1
6a5bc000-6a5bd000 rw-p 00001000 08:08 1052092    /usr/lib/i386-linux-gnu/libgthread-2.0.so.0.3800.1
6a5bd000-6a5c0000 r-xp 00000000 08:08 1052090    /usr/lib/i386-linux-gnu/libgmodule-2.0.so.0.3800.1
6a5c0000-6a5c1000 r--p 00002000 08:08 1052090    /usr/lib/i386-linux-gnu/libgmodule-2.0.so.0.3800.1
6a5c1000-6a5c2000 rw-p 00003000 08:08 1052090    /usr/lib/i386-linux-gnu/libgmodule-2.0.so.0.3800.1
6a5c2000-6a612000 r-xp 00000000 08:08 1052091    /usr/lib/i386-linux-gnu/libgobject-2.0.so.0.3800.1
6a612000-6a613000 r--p 0004f000 08:08 1052091    /usr/lib/i386-linux-gnu/libgobject-2.0.so.0.3800.1
6a613000-6a614000 rw-p 00050000 08:08 1052091    /usr/lib/i386-linux-gnu/libgobject-2.0.so.0.3800.1
6a614000-6a64c000 r-xp 00000000 08:08 1049277    /usr/lib/i386-linux-gnu/libfontconfig.so.1.7.0
6a64c000-6a64d000 r--p 00038000 08:08 1049277    /usr/lib/i386-linux-gnu/libfontconfig.so.1.7.0
6a64d000-6a64e000 rw-p 00039000 08:08 1049277    /usr/lib/i386-linux-gnu/libfontconfig.so.1.7.0
6a64e000-6a6e8000 r-xp 00000000 08:08 1066776    /usr/lib/i386-linux-gnu/libfreetype.so.6.10.1
6a6e8000-6a6ec000 r--p 00099000 08:08 1066776    /usr/lib/i386-linux-gnu/libfreetype.so.6.10.1
6a6ec000-6a6ed000 rw-p 0009d000 08:08 1066776    /usr/lib/i386-linux-gnu/libfreetype.so.6.10.1
6a6ed000-6a737000 r-xp 00000000 08:08 1049745    /usr/lib/i386-linux-gnu/libpango-1.0.so.0.3200.5
6a737000-6a738000 ---p 0004a000 08:08 1049745    /usr/lib/i386-linux-gnu/libpango-1.0.so.0.3200.5
6a738000-6a739000 r--p 0004a000 08:08 1049745    /usr/lib/i386-linux-gnu/libpango-1.0.so.0.3200.5
6a739000-6a73a000 rw-p 0004b000 08:08 1049745    /usr/lib/i386-linux-gnu/libpango-1.0.so.0.3200.5
6a73a000-6a857000 r-xp 00000000 08:08 1049096    /usr/lib/i386-linux-gnu/libcairo.so.2.11200.16
6a857000-6a859000 r--p 0011d000 08:08 1049096    /usr/lib/i386-linux-gnu/libcairo.so.2.11200.16
6a859000-6a85a000 rw-p 0011f000 08:08 1049096    /usr/lib/i386-linux-gnu/libcairo.so.2.11200.16
6a85a000-6a85b000 rw-p 00000000 00:00 0 
6a85b000-6a87c000 r-xp 00000000 08:08 1049343    /usr/lib/i386-linux-gnu/libgdk_pixbuf-2.0.so.0.2800.1
6a87c000-6a87d000 r--p 00020000 08:08 1049343    /usr/lib/i386-linux-gnu/libgdk_pixbuf-2.0.so.0.2800.1
6a87d000-6a87e000 rw-p 00021000 08:08 1049343    /usr/lib/i386-linux-gnu/libgdk_pixbuf-2.0.so.0.2800.1
6a87e000-6a891000 r-xp 00000000 08:08 1049749    /usr/lib/i386-linux-gnu/libpangoft2-1.0.so.0.3200.5
6a891000-6a892000 r--p 00013000 08:08 1049749    /usr/lib/i386-linux-gnu/libpangoft2-1.0.so.0.3200.5
6a892000-6a893000 rw-p 00014000 08:08 1049749    /usr/lib/i386-linux-gnu/libpangoft2-1.0.so.0.3200.5
6a893000-6a9ff000 r-xp 00000000 08:08 1052093    /usr/lib/i386-linux-gnu/libgio-2.0.so.0.3800.1
6a9ff000-6aa00000 ---p 0016c000 08:08 1052093    /usr/lib/i386-linux-gnu/libgio-2.0.so.0.3800.1
6aa00000-6aa02000 r--p 0016c000 08:08 1052093    /usr/lib/i386-linux-gnu/libgio-2.0.so.0.3800.1
6aa02000-6aa03000 rw-p 0016e000 08:08 1052093    /usr/lib/i386-linux-gnu/libgio-2.0.so.0.3800.1
6aa03000-6aa04000 rw-p 00000000 00:00 0 
6aa04000-6aa22000 r-xp 00000000 08:08 1049047    /usr/lib/i386-linux-gnu/libatk-1.0.so.0.21009.1
6aa22000-6aa24000 r--p 0001d000 08:08 1049047    /usr/lib/i386-linux-gnu/libatk-1.0.so.0.21009.1
6aa24000-6aa25000 rw-p 0001f000 08:08 1049047    /usr/lib/i386-linux-gnu/libatk-1.0.so.0.21009.1
6aa25000-6aad0000 r-xp 00000000 08:08 1049341    /usr/lib/i386-linux-gnu/libgdk-x11-2.0.so.0.2400.20
6aad0000-6aad2000 r--p 000ab000 08:08 1049341    /usr/lib/i386-linux-gnu/libgdk-x11-2.0.so.0.2400.20
6aad2000-6aad3000 rw-p 000ad000 08:08 1049341    /usr/lib/i386-linux-gnu/libgdk-x11-2.0.so.0.2400.20
6aad3000-6af3a000 r-xp 00000000 08:08 1049538    /usr/lib/i386-linux-gnu/libgtk-x11-2.0.so.0.2400.20
6af3a000-6af3e000 r--p 00466000 08:08 1049538    /usr/lib/i386-linux-gnu/libgtk-x11-2.0.so.0.2400.20
6af3e000-6af40000 rw-p 0046a000 08:08 1049538    /usr/lib/i386-linux-gnu/libgtk-x11-2.0.so.0.2400.20
6af40000-6af42000 rw-p 00000000 00:00 0 
6af42000-6af44000 r--s 00000000 08:08 1058259    /var/cache/fontconfig/99e8ed0e538f840c565b6ed5dad60d56-le32d4.cache-4
6af44000-6af4e000 r--s 00250000 08:08 1196605    /usr/lib/jvm/jdk1.7.0_51/jre/lib/resources.jar
6af4e000-6af57000 r-xp 00000000 08:08 1178899    /usr/lib/i386-linux-gnu/gtk-2.0/2.10.0/engines/libpixmap.so
6af57000-6af58000 r--p 00008000 08:08 1178899    /usr/lib/i386-linux-gnu/gtk-2.0/2.10.0/engines/libpixmap.so
6af58000-6af59000 rw-p 00009000 08:08 1178899    /usr/lib/i386-linux-gnu/gtk-2.0/2.10.0/engines/libpixmap.so
6af59000-6af7b000 r-xp 00000000 08:08 1197374    /usr/lib/jvm/jdk1.7.0_51/jre/lib/i386/libglass.so
6af7b000-6af7c000 r--p 00021000 08:08 1197374    /usr/lib/jvm/jdk1.7.0_51/jre/lib/i386/libglass.so
6af7c000-6af7d000 rw-p 00022000 08:08 1197374    /usr/lib/jvm/jdk1.7.0_51/jre/lib/i386/libglass.so
6af7d000-6af80000 ---p 00000000 00:00 0 
6af80000-6afce000 rw-p 00000000 00:00 0          [stack:4096]
6afce000-6afe6000 r-xp 00000000 08:08 915029     /lib/i386-linux-gnu/libz.so.1.2.8
6afe6000-6afe7000 r--p 00017000 08:08 915029     /lib/i386-linux-gnu/libz.so.1.2.8
6afe7000-6afe8000 rw-p 00018000 08:08 915029     /lib/i386-linux-gnu/libz.so.1.2.8
6afe8000-6aff1000 r-xp 00000000 08:08 1049761    /usr/lib/i386-linux-gnu/libpciaccess.so.0.11.1
6aff1000-6aff2000 r--p 00008000 08:08 1049761    /usr/lib/i386-linux-gnu/libpciaccess.so.0.11.1
6aff2000-6aff3000 rw-p 00009000 08:08 1049761    /usr/lib/i386-linux-gnu/libpciaccess.so.0.11.1
6aff3000-6b00e000 r-xp 00000000 08:08 918786     /lib/i386-linux-gnu/libgcc_s.so.1
6b00e000-6b00f000 r--p 0001a000 08:08 918786     /lib/i386-linux-gnu/libgcc_s.so.1
6b00f000-6b010000 rw-p 0001b000 08:08 918786     /lib/i386-linux-gnu/libgcc_s.so.1
6b010000-6b0ed000 r-xp 00000000 08:08 1066754    /usr/lib/i386-linux-gnu/libstdc++.so.6.0.18
6b0ed000-6b0f1000 r--p 000dc000 08:08 1066754    /usr/lib/i386-linux-gnu/libstdc++.so.6.0.18
6b0f1000-6b0f2000 rw-p 000e0000 08:08 1066754    /usr/lib/i386-linux-gnu/libstdc++.so.6.0.18
6b0f2000-6b0f9000 rw-p 00000000 00:00 0 
6b0f9000-6b119000 r-xp 00000000 08:08 1060618    /usr/lib/i386-linux-gnu/libdrm_intel.so.1.0.0
6b119000-6b11a000 r--p 0001f000 08:08 1060618    /usr/lib/i386-linux-gnu/libdrm_intel.so.1.0.0
6b11a000-6b11b000 rw-p 00020000 08:08 1060618    /usr/lib/i386-linux-gnu/libdrm_intel.so.1.0.0
6b11b000-6b140000 r-xp 00000000 08:08 914891     /lib/i386-linux-gnu/libexpat.so.1.6.0
6b140000-6b141000 ---p 00025000 08:08 914891     /lib/i386-linux-gnu/libexpat.so.1.6.0
6b141000-6b143000 r--p 00025000 08:08 914891     /lib/i386-linux-gnu/libexpat.so.1.6.0
6b143000-6b144000 rw-p 00027000 08:08 914891     /lib/i386-linux-gnu/libexpat.so.1.6.0
6b144000-6b509000 r-xp 00000000 08:08 1049194    /usr/lib/i386-linux-gnu/libdricore9.2.1.so.1.0.0
6b509000-6b511000 r--p 003c5000 08:08 1049194    /usr/lib/i386-linux-gnu/libdricore9.2.1.so.1.0.0
6b511000-6b517000 rw-p 003cd000 08:08 1049194    /usr/lib/i386-linux-gnu/libdricore9.2.1.so.1.0.0
6b517000-6b52c000 rw-p 00000000 00:00 0 
6b52c000-6b617000 r-xp 00000000 08:08 1177712    /usr/lib/i386-linux-gnu/dri/i965_dri.so
6b617000-6b619000 r--p 000eb000 08:08 1177712    /usr/lib/i386-linux-gnu/dri/i965_dri.so
6b619000-6b61a000 rw-p 000ed000 08:08 1177712    /usr/lib/i386-linux-gnu/dri/i965_dri.so
6b61a000-6b61b000 rw-p 00000000 00:00 0 
6b61b000-6b620000 r-xp 00000000 08:08 1064367    /usr/lib/i386-linux-gnu/libXdmcp.so.6.0.0
6b620000-6b621000 rw-p 00004000 08:08 1064367    /usr/lib/i386-linux-gnu/libXdmcp.so.6.0.0
6b621000-6b673000 r-xp 00000000 08:08 1179080    /usr/lib/i386-linux-gnu/mesa/libGL.so.1.2.0
6b673000-6b675000 r--p 00051000 08:08 1179080    /usr/lib/i386-linux-gnu/mesa/libGL.so.1.2.0
6b675000-6b67a000 rwxp 00053000 08:08 1179080    /usr/lib/i386-linux-gnu/mesa/libGL.so.1.2.0
6b67a000-6b7aa000 r-xp 00000000 08:08 1048959    /usr/lib/i386-linux-gnu/libX11.so.6.3.0
6b7aa000-6b7ab000 ---p 00130000 08:08 1048959    /usr/lib/i386-linux-gnu/libX11.so.6.3.0
6b7ab000-6b7ac000 r--p 00130000 08:08 1048959    /usr/lib/i386-linux-gnu/libX11.so.6.3.0
6b7ac000-6b7ae000 rw-p 00131000 08:08 1048959    /usr/lib/i386-linux-gnu/libX11.so.6.3.0
6b7ae000-6b7af000 rw-p 00000000 00:00 0 
6b7af000-6b7b2000 ---p 00000000 00:00 0 
6b7b2000-6b800000 rw-p 00000000 00:00 0          [stack:4095]
6b800000-6b8cf000 rw-p 00000000 00:00 0 
6b8cf000-6b900000 ---p 00000000 00:00 0 
6b900000-6b901000 r--s 00000000 08:08 1058274    /var/cache/fontconfig/e7071f4a29fa870f4323321c154eba04-le32d4.cache-4
6b901000-6b902000 r--s 00000000 08:08 1058270    /var/cache/fontconfig/617957603a337376ca8784972c6029f5-le32d4.cache-4
6b902000-6b904000 r-xp 00000000 08:08 1048963    /usr/lib/i386-linux-gnu/libXau.so.6.0.0
6b904000-6b905000 r--p 00001000 08:08 1048963    /usr/lib/i386-linux-gnu/libXau.so.6.0.0
6b905000-6b906000 rw-p 00002000 08:08 1048963    /usr/lib/i386-linux-gnu/libXau.so.6.0.0
6b906000-6b911000 r-xp 00000000 08:08 1052033    /usr/lib/i386-linux-gnu/libdrm.so.2.4.0
6b911000-6b912000 r--p 0000a000 08:08 1052033    /usr/lib/i386-linux-gnu/libdrm.so.2.4.0
6b912000-6b913000 rw-p 0000b000 08:08 1052033    /usr/lib/i386-linux-gnu/libdrm.so.2.4.0
6b913000-6b929000 r-xp 00000000 08:08 1049993    /usr/lib/i386-linux-gnu/libxcb-glx.so.0.0.0
6b929000-6b92a000 r--p 00016000 08:08 1049993    /usr/lib/i386-linux-gnu/libxcb-glx.so.0.0.0
6b92a000-6b92b000 rw-p 00017000 08:08 1049993    /usr/lib/i386-linux-gnu/libxcb-glx.so.0.0.0
6b92b000-6b94a000 r-xp 00000000 08:08 1050019    /usr/lib/i386-linux-gnu/libxcb.so.1.1.0
6b94a000-6b94b000 r--p 0001f000 08:08 1050019    /usr/lib/i386-linux-gnu/libxcb.so.1.1.0
6b94b000-6b94c000 rw-p 00020000 08:08 1050019    /usr/lib/i386-linux-gnu/libxcb.so.1.1.0
6b94c000-6b94f000 ---p 00000000 00:00 0 
6b94f000-6b99d000 rw-p 00000000 00:00 0          [stack:4094]
6b99d000-6b9a0000 ---p 00000000 00:00 0 
6b9a0000-6b9ee000 rw-p 00000000 00:00 0          [stack:4093]
6b9ee000-6ba7d000 r--s 00de3000 08:08 1197809    /usr/lib/jvm/jdk1.7.0_51/jre/lib/jfxrt.jar
6ba7d000-6ba7e000 ---p 00000000 00:00 0 
6ba7e000-6bafe000 rw-p 00000000 00:00 0          [stack:4092]
6bafe000-6bb01000 ---p 00000000 00:00 0 
6bb01000-6bb7f000 rw-p 00000000 00:00 0          [stack:4090]
6bb7f000-6bb82000 ---p 00000000 00:00 0 
6bb82000-6bc00000 rw-p 00000000 00:00 0          [stack:4089]
6bc00000-6be00000 r--p 00000000 08:08 1050756    /usr/lib/locale/locale-archive
6be00000-6be21000 rw-p 00000000 00:00 0 
6be21000-6bf00000 ---p 00000000 00:00 0 
6bf00000-6bf01000 r--s 00000000 08:08 1058239    /var/cache/fontconfig/0d8c3b2ac0904cb8a57a757ad11a4a08-le32d4.cache-4
6bf01000-6bf05000 r-xp 00000000 08:08 1049991    /usr/lib/i386-linux-gnu/libxcb-dri2.so.0.0.0
6bf05000-6bf06000 r--p 00003000 08:08 1049991    /usr/lib/i386-linux-gnu/libxcb-dri2.so.0.0.0
6bf06000-6bf07000 rw-p 00004000 08:08 1049991    /usr/lib/i386-linux-gnu/libxcb-dri2.so.0.0.0
6bf07000-6bf0b000 r-xp 00000000 08:08 1048978    /usr/lib/i386-linux-gnu/libXfixes.so.3.1.0
6bf0b000-6bf0c000 r--p 00003000 08:08 1048978    /usr/lib/i386-linux-gnu/libXfixes.so.3.1.0
6bf0c000-6bf0d000 rw-p 00004000 08:08 1048978    /usr/lib/i386-linux-gnu/libXfixes.so.3.1.0
6bf0d000-6bf10000 ---p 00000000 00:00 0 
6bf10000-6bf5e000 rw-p 00000000 00:00 0          [stack:4091]
6bf5e000-6bf61000 ---p 00000000 00:00 0 
6bf61000-6bfaf000 rw-p 00000000 00:00 0          [stack:4088]
6bfaf000-6bfb2000 ---p 00000000 00:00 0 
6bfb2000-6c000000 rw-p 00000000 00:00 0          [stack:4087]
6c000000-6c0fa000 rw-p 00000000 00:00 0 
6c0fa000-6c100000 ---p 00000000 00:00 0 
6c100000-6c101000 r--s 00000000 08:08 1058241    /var/cache/fontconfig/1ac9eb803944fde146138c791f5cc56a-le32d4.cache-4
6c101000-6c110000 r-xp 00000000 08:08 1049378    /usr/lib/i386-linux-gnu/libglapi.so.0.0.0
6c110000-6c112000 r--p 0000f000 08:08 1049378    /usr/lib/i386-linux-gnu/libglapi.so.0.0.0
6c112000-6c117000 rwxp 00011000 08:08 1049378    /usr/lib/i386-linux-gnu/libglapi.so.0.0.0
6c117000-6c119000 r--s 00000000 08:08 1058254    /var/cache/fontconfig/767a8244fc0220cfb567a839d0392e0b-le32d4.cache-4
6c119000-6c124000 r-xp 00000000 08:08 1049747    /usr/lib/i386-linux-gnu/libpangocairo-1.0.so.0.3200.5
6c124000-6c125000 r--p 0000a000 08:08 1049747    /usr/lib/i386-linux-gnu/libpangocairo-1.0.so.0.3200.5
6c125000-6c126000 rw-p 0000b000 08:08 1049747    /usr/lib/i386-linux-gnu/libpangocairo-1.0.so.0.3200.5
6c126000-6c12e000 rw-s 00000000 00:04 44912      /drm mm object (deleted)
6c12e000-6c131000 ---p 00000000 00:00 0 
6c131000-6c17f000 rw-p 00000000 00:00 0          [stack:4086]
6c17f000-6c180000 ---p 00000000 00:00 0 
6c180000-6c200000 rw-p 00000000 00:00 0          [stack:4085]
6c200000-6c2ff000 rw-p 00000000 00:00 0 
6c2ff000-6c300000 ---p 00000000 00:00 0 
6c300000-6c301000 r-xp 00000000 08:08 1048957    /usr/lib/i386-linux-gnu/libX11-xcb.so.1.0.0
6c301000-6c302000 r--p 00000000 08:08 1048957    /usr/lib/i386-linux-gnu/libX11-xcb.so.1.0.0
6c302000-6c303000 rw-p 00001000 08:08 1048957    /usr/lib/i386-linux-gnu/libX11-xcb.so.1.0.0
6c303000-6c4c0000 r--s 039bf000 08:08 1182175    /usr/lib/jvm/jdk1.7.0_51/jre/lib/rt.jar
6c4c0000-6eb00000 rw-p 00000000 00:00 0 
6eb00000-6ebfe000 rw-p 00000000 00:00 0 
6ebfe000-6ec00000 ---p 00000000 00:00 0 
6ec00000-6ec01000 r--s 00000000 08:08 1058271    /var/cache/fontconfig/dc05db6664285cc2f12bf69c139ae4c3-le32d4.cache-4
6ec01000-6ec12000 r-xp 00000000 08:08 1048976    /usr/lib/i386-linux-gnu/libXext.so.6.4.0
6ec12000-6ec13000 r--p 00010000 08:08 1048976    /usr/lib/i386-linux-gnu/libXext.so.6.4.0
6ec13000-6ec14000 rw-p 00011000 08:08 1048976    /usr/lib/i386-linux-gnu/libXext.so.6.4.0
6ec14000-6ec2f000 r-xp 00000000 08:08 1196697    /usr/lib/jvm/jdk1.7.0_51/jre/lib/i386/libdeploy.so
6ec2f000-6ec30000 rw-p 0001b000 08:08 1196697    /usr/lib/jvm/jdk1.7.0_51/jre/lib/i386/libdeploy.so
6ec30000-6ec7f000 rw-p 00000000 00:00 0 
6ec7f000-6ec80000 ---p 00000000 00:00 0 
6ec80000-6ed00000 rw-p 00000000 00:00 0          [stack:4084]
6ed00000-6ed21000 rw-p 00000000 00:00 0 
6ed21000-6ee00000 ---p 00000000 00:00 0 
6ee00000-6ee21000 rw-p 00000000 00:00 0 
6ee21000-6ef00000 ---p 00000000 00:00 0 
6ef00000-6ef01000 r--s 00000000 08:08 1062285    /var/cache/fontconfig/4794a0821666d79190d59a36cb4f44b5-le32d4.cache-4
6ef01000-6ef02000 r--s 00000000 08:08 1058249    /var/cache/fontconfig/56cf4f4769d0f4abc89a4895d7bd3ae1-le32d4.cache-4
6ef02000-6ef0a000 r-xp 00000000 08:08 1197568    /usr/lib/jvm/jdk1.7.0_51/jre/lib/i386/libprism-es2.so
6ef0a000-6ef0b000 r--p 00007000 08:08 1197568    /usr/lib/jvm/jdk1.7.0_51/jre/lib/i386/libprism-es2.so
6ef0b000-6ef0c000 rw-p 00008000 08:08 1197568    /usr/lib/jvm/jdk1.7.0_51/jre/lib/i386/libprism-es2.so
6ef0c000-6ef24000 r--s 00439000 08:08 1197811    /usr/lib/jvm/jdk1.7.0_51/jre/lib/deploy.jar
6ef24000-6ef7f000 rw-p 00000000 00:00 0 
6ef7f000-6ef80000 ---p 00000000 00:00 0 
6ef80000-6f000000 rw-p 00000000 00:00 0          [stack:4083]
6f000000-6f021000 rw-p 00000000 00:00 0 
6f021000-6f100000 ---p 00000000 00:00 0 
6f100000-6f102000 r-xp 00000000 08:08 1048972    /usr/lib/i386-linux-gnu/libXdamage.so.1.1.0
6f102000-6f103000 r--p 00001000 08:08 1048972    /usr/lib/i386-linux-gnu/libXdamage.so.1.1.0
6f103000-6f104000 rw-p 00002000 08:08 1048972    /usr/lib/i386-linux-gnu/libXdamage.so.1.1.0
6f104000-6f10d000 r--s 000d4000 08:08 1197680    /usr/lib/jvm/jdk1.7.0_51/jre/lib/javaws.jar
6f10d000-6f127000 rw-p 00000000 00:00 0 
6f127000-6f128000 ---p 00000000 00:00 0 
6f128000-6f1a8000 rw-p 00000000 00:00 0          [stack:4082]
6f1a8000-6f1a9000 ---p 00000000 00:00 0 
6f1a9000-6f231000 rw-p 00000000 00:00 0          [stack:4081]
6f231000-6f249000 rw-p 00000000 00:00 0 
6f249000-6f25f000 rw-p 00000000 00:00 0 
6f25f000-6f39f000 rw-p 00000000 00:00 0 
6f39f000-6f3a7000 rw-p 00000000 00:00 0 
6f3a7000-6f3bf000 rw-p 00000000 00:00 0 
6f3bf000-6f3d5000 rw-p 00000000 00:00 0 
6f3d5000-6f514000 rw-p 00000000 00:00 0 
6f514000-6f528000 rw-p 00000000 00:00 0 
6f528000-6f5bf000 rw-p 00000000 00:00 0 
6f5bf000-705c0000 rw-p 00000000 00:00 0 
705c0000-735c0000 rw-p 00000000 00:00 0 
735c0000-76040000 rw-p 00000000 00:00 0 
76040000-9e040000 rw-p 00000000 00:00 0 
9e040000-a0640000 rw-p 00000000 00:00 0 
a0640000-b35c0000 rw-p 00000000 00:00 0 
b35c0000-b35c1000 r--s 00000000 08:08 1050993    /var/cache/fontconfig/b9d506c9ac06c20b433354fa67a72993-le32d4.cache-4
b35c1000-b35c5000 r-xp 00000000 08:08 1049008    /usr/lib/i386-linux-gnu/libXxf86vm.so.1.0.0
b35c5000-b35c6000 r--p 00004000 08:08 1049008    /usr/lib/i386-linux-gnu/libXxf86vm.so.1.0.0
b35c6000-b35c7000 rw-p 00005000 08:08 1049008    /usr/lib/i386-linux-gnu/libXxf86vm.so.1.0.0
b35c7000-b35d0000 rw-p 00000000 00:00 0 
b35d0000-b3687000 rw-p 00000000 00:00 0 
b3687000-b38c7000 rwxp 00000000 00:00 0 
b38c7000-b6687000 rw-p 00000000 00:00 0 
b6687000-b669e000 r-xp 00000000 08:08 1197643    /usr/lib/jvm/jdk1.7.0_51/jre/lib/i386/libzip.so
b669e000-b669f000 rw-p 00017000 08:08 1197643    /usr/lib/jvm/jdk1.7.0_51/jre/lib/i386/libzip.so
b669f000-b66aa000 r-xp 00000000 08:08 914947     /lib/i386-linux-gnu/libnss_files-2.17.so
b66aa000-b66ab000 r--p 0000a000 08:08 914947     /lib/i386-linux-gnu/libnss_files-2.17.so
b66ab000-b66ac000 rw-p 0000b000 08:08 914947     /lib/i386-linux-gnu/libnss_files-2.17.so
b66ac000-b66c1000 r-xp 00000000 08:08 914941     /lib/i386-linux-gnu/libnsl-2.17.so
b66c1000-b66c2000 r--p 00014000 08:08 914941     /lib/i386-linux-gnu/libnsl-2.17.so
b66c2000-b66c3000 rw-p 00015000 08:08 914941     /lib/i386-linux-gnu/libnsl-2.17.so
b66c3000-b66c5000 rw-p 00000000 00:00 0 
b66c5000-b66c7000 r--s 00000000 08:08 1054600    /var/cache/fontconfig/e13b20fdb08344e0e664864cc2ede53d-le32d4.cache-4
b66c7000-b66da000 r--s 001a6000 08:08 1197813    /usr/lib/jvm/jdk1.7.0_51/jre/lib/plugin.jar
b66da000-b66dc000 r--s 00095000 08:0c 3278531    /home/saimint/Documents/NetBeans Project/Guass Jordan Elimination/dist/run232349618/Guass Jordan Elimination.jar
b66dc000-b66ff000 r-xp 00000000 08:08 1196683    /usr/lib/jvm/jdk1.7.0_51/jre/lib/i386/libjava.so
b66ff000-b6700000 rw-p 00022000 08:08 1196683    /usr/lib/jvm/jdk1.7.0_51/jre/lib/i386/libjava.so
b6700000-b67f5000 rw-p 00000000 00:00 0 
b67f5000-b6800000 ---p 00000000 00:00 0 
b6800000-b6801000 r--s 00000000 08:08 1058238    /var/cache/fontconfig/0c9eb80ebd1c36541ebe2852d3bb0c49-le32d4.cache-4
b6801000-b6802000 r--p 002c5000 08:08 1050756    /usr/lib/locale/locale-archive
b6802000-b680a000 rw-s 00000000 08:08 409719     /tmp/hsperfdata_saimint/4076
b680a000-b6814000 r-xp 00000000 08:08 914951     /lib/i386-linux-gnu/libnss_nis-2.17.so
b6814000-b6815000 r--p 00009000 08:08 914951     /lib/i386-linux-gnu/libnss_nis-2.17.so
b6815000-b6816000 rw-p 0000a000 08:08 914951     /lib/i386-linux-gnu/libnss_nis-2.17.so
b6816000-b681d000 r-xp 00000000 08:08 914994     /lib/i386-linux-gnu/librt-2.17.so
b681d000-b681e000 r--p 00006000 08:08 914994     /lib/i386-linux-gnu/librt-2.17.so
b681e000-b681f000 rw-p 00007000 08:08 914994     /lib/i386-linux-gnu/librt-2.17.so
b681f000-b6822000 ---p 00000000 00:00 0 
b6822000-b6870000 rw-p 00000000 00:00 0          [stack:4080]
b6870000-b68b1000 r-xp 00000000 08:08 914922     /lib/i386-linux-gnu/libm-2.17.so
b68b1000-b68b2000 r--p 00040000 08:08 914922     /lib/i386-linux-gnu/libm-2.17.so
b68b2000-b68b3000 rw-p 00041000 08:08 914922     /lib/i386-linux-gnu/libm-2.17.so
b68b3000-b712a000 r-xp 00000000 08:08 1197641    /usr/lib/jvm/jdk1.7.0_51/jre/lib/i386/server/libjvm.so
b712a000-b718e000 rw-p 00877000 08:08 1197641    /usr/lib/jvm/jdk1.7.0_51/jre/lib/i386/server/libjvm.so
b718e000-b75b2000 rw-p 00000000 00:00 0 
b75b2000-b7760000 r-xp 00000000 08:08 914871     /lib/i386-linux-gnu/libc-2.17.so
b7760000-b7762000 r--p 001ae000 08:08 914871     /lib/i386-linux-gnu/libc-2.17.so
b7762000-b7763000 rw-p 001b0000 08:08 914871     /lib/i386-linux-gnu/libc-2.17.so
b7763000-b7766000 rw-p 00000000 00:00 0 
b7766000-b7769000 r-xp 00000000 08:08 914886     /lib/i386-linux-gnu/libdl-2.17.so
b7769000-b776a000 r--p 00002000 08:08 914886     /lib/i386-linux-gnu/libdl-2.17.so
b776a000-b776b000 rw-p 00003000 08:08 914886     /lib/i386-linux-gnu/libdl-2.17.so
b776b000-b777e000 r-xp 00000000 08:08 1196691    /usr/lib/jvm/jdk1.7.0_51/jre/lib/i386/jli/libjli.so
b777e000-b777f000 rw-p 00012000 08:08 1196691    /usr/lib/jvm/jdk1.7.0_51/jre/lib/i386/jli/libjli.so
b777f000-b7780000 rw-p 00000000 00:00 0 
b7780000-b7797000 r-xp 00000000 08:08 914986     /lib/i386-linux-gnu/libpthread-2.17.so
b7797000-b7798000 r--p 00016000 08:08 914986     /lib/i386-linux-gnu/libpthread-2.17.so
b7798000-b7799000 rw-p 00017000 08:08 914986     /lib/i386-linux-gnu/libpthread-2.17.so
b7799000-b779b000 rw-p 00000000 00:00 0 
b779b000-b77a2000 r-xp 00000000 08:08 914943     /lib/i386-linux-gnu/libnss_compat-2.17.so
b77a2000-b77a3000 r--p 00006000 08:08 914943     /lib/i386-linux-gnu/libnss_compat-2.17.so
b77a3000-b77a4000 rw-p 00007000 08:08 914943     /lib/i386-linux-gnu/libnss_compat-2.17.so
b77a4000-b77a5000 rw-p 00000000 00:00 0 
b77a5000-b77a6000 r--p 00000000 00:00 0 
b77a6000-b77b1000 r-xp 00000000 08:08 1196647    /usr/lib/jvm/jdk1.7.0_51/jre/lib/i386/libverify.so
b77b1000-b77b2000 rw-p 0000b000 08:08 1196647    /usr/lib/jvm/jdk1.7.0_51/jre/lib/i386/libverify.so
b77b2000-b77b4000 rw-p 00000000 00:00 0 
b77b4000-b77b5000 r-xp 00000000 00:00 0          [vdso]
b77b5000-b77d5000 r-xp 00000000 08:08 914847     /lib/i386-linux-gnu/ld-2.17.so
b77d5000-b77d6000 r--p 0001f000 08:08 914847     /lib/i386-linux-gnu/ld-2.17.so
b77d6000-b77d7000 rw-p 00020000 08:08 914847     /lib/i386-linux-gnu/ld-2.17.so
bfae6000-bfb07000 rw-p 00000000 00:00 0          [stack]

VM Arguments:
jvm_args: -Dfile.encoding=UTF-8 
java_command: /home/saimint/Documents/NetBeans Project/Guass Jordan Elimination/dist/run232349618/Guass Jordan Elimination.jar
Launcher Type: SUN_STANDARD

Environment Variables:
PATH=/usr/local/sbin:/usr/local/bin:/usr/sbin:/usr/bin:/sbin:/bin:/usr/games:/usr/local/games
USERNAME=saimint
LD_LIBRARY_PATH=/usr/lib/jvm/jdk1.7.0_51/jre/lib/amd64:/usr/lib/jvm/jdk1.7.0_51/jre/lib/i386:
SHELL=/bin/bash
DISPLAY=:0.0

Signal Handlers:
SIGSEGV: [libjvm.so+0x7dd5e0], sa_mask[0]=0x7ffbfeff, sa_flags=0x10000004
SIGBUS: [libjvm.so+0x7dd5e0], sa_mask[0]=0x7ffbfeff, sa_flags=0x10000004
SIGFPE: [libjvm.so+0x678d60], sa_mask[0]=0x7ffbfeff, sa_flags=0x10000004
SIGPIPE: SIG_IGN, sa_mask[0]=0x00001000, sa_flags=0x10000000
SIGXFSZ: [libjvm.so+0x678d60], sa_mask[0]=0x7ffbfeff, sa_flags=0x10000004
SIGILL: [libjvm.so+0x678d60], sa_mask[0]=0x7ffbfeff, sa_flags=0x10000004
SIGUSR1: SIG_DFL, sa_mask[0]=0x00000000, sa_flags=0x00000000
SIGUSR2: [libjvm.so+0x67a250], sa_mask[0]=0x00000004, sa_flags=0x10000004
SIGHUP: [libjvm.so+0x67b3a0], sa_mask[0]=0x7ffbfeff, sa_flags=0x10000004
SIGINT: SIG_IGN, sa_mask[0]=0x00000000, sa_flags=0x00000000
SIGTERM: [libjvm.so+0x67b3a0], sa_mask[0]=0x7ffbfeff, sa_flags=0x10000004
SIGQUIT: [libjvm.so+0x67b3a0], sa_mask[0]=0x7ffbfeff, sa_flags=0x10000004


---------------  S Y S T E M  ---------------

OS:Kali Linux 1.0.6

uname:Linux 3.11.0-12-generic #19-Ubuntu SMP Wed Oct 9 16:12:00 UTC 2013 i686
libc:glibc 2.17 NPTL 2.17 
rlimit: STACK 8192k, CORE 0k, NPROC 47280, NOFILE 4096, AS infinity
load average:0.51 0.65 0.74

/proc/meminfo:
MemTotal:        6077676 kB
MemFree:         3460580 kB
Buffers:           99736 kB
Cached:          1016412 kB
SwapCached:            0 kB
Active:          1725520 kB
Inactive:         785232 kB
Active(anon):    1397160 kB
Inactive(anon):   167496 kB
Active(file):     328360 kB
Inactive(file):   617736 kB
Unevictable:          32 kB
Mlocked:              32 kB
HighTotal:       5252868 kB
HighFree:        2817928 kB
LowTotal:         824808 kB
LowFree:          642652 kB
SwapTotal:      12000252 kB
SwapFree:       12000252 kB
Dirty:              1872 kB
Writeback:             0 kB
AnonPages:       1394624 kB
Mapped:           214692 kB
Shmem:            170060 kB
Slab:              61328 kB
SReclaimable:      41748 kB
SUnreclaim:        19580 kB
KernelStack:        4552 kB
PageTables:        14652 kB
NFS_Unstable:          0 kB
Bounce:                0 kB
WritebackTmp:          0 kB
CommitLimit:    15039088 kB
Committed_AS:    4344144 kB
VmallocTotal:     122880 kB
VmallocUsed:       19516 kB
VmallocChunk:     101208 kB
HardwareCorrupted:     0 kB
AnonHugePages:         0 kB
HugePages_Total:       0
HugePages_Free:        0
HugePages_Rsvd:        0
HugePages_Surp:        0
Hugepagesize:       2048 kB
DirectMap4k:       12280 kB
DirectMap2M:      899072 kB


CPU:total 4 (2 cores per cpu, 2 threads per core) family 6 model 58 stepping 9, cmov, cx8, fxsr, mmx, sse, sse2, sse3, ssse3, sse4.1, sse4.2, popcnt, avx, aes, erms, ht, tsc, tscinvbit, tscinv

/proc/cpuinfo:
processor	: 0
vendor_id	: GenuineIntel
cpu family	: 6
model		: 58
model name	: Intel(R) Core(TM) i5-3317U CPU @ 1.70GHz
stepping	: 9
microcode	: 0x15
cpu MHz		: 1300.000
cache size	: 3072 KB
physical id	: 0
siblings	: 4
core id		: 0
cpu cores	: 2
apicid		: 0
initial apicid	: 0
fdiv_bug	: no
f00f_bug	: no
coma_bug	: no
fpu		: yes
fpu_exception	: yes
cpuid level	: 13
wp		: yes
flags		: fpu vme de pse tsc msr pae mce cx8 apic sep mtrr pge mca cmov pat pse36 clflush dts acpi mmx fxsr sse sse2 ss ht tm pbe nx rdtscp lm constant_tsc arch_perfmon pebs bts xtopology nonstop_tsc aperfmperf eagerfpu pni pclmulqdq dtes64 monitor ds_cpl vmx est tm2 ssse3 cx16 xtpr pdcm pcid sse4_1 sse4_2 x2apic popcnt tsc_deadline_timer aes xsave avx f16c rdrand lahf_lm ida arat epb xsaveopt pln pts dtherm tpr_shadow vnmi flexpriority ept vpid fsgsbase smep erms
bogomips	: 3392.47
clflush size	: 64
cache_alignment	: 64
address sizes	: 36 bits physical, 48 bits virtual
power management:

processor	: 1
vendor_id	: GenuineIntel
cpu family	: 6
model		: 58
model name	: Intel(R) Core(TM) i5-3317U CPU @ 1.70GHz
stepping	: 9
microcode	: 0x15
cpu MHz		: 782.000
cache size	: 3072 KB
physical id	: 0
siblings	: 4
core id		: 0
cpu cores	: 2
apicid		: 1
initial apicid	: 1
fdiv_bug	: no
f00f_bug	: no
coma_bug	: no
fpu		: yes
fpu_exception	: yes
cpuid level	: 13
wp		: yes
flags		: fpu vme de pse tsc msr pae mce cx8 apic sep mtrr pge mca cmov pat pse36 clflush dts acpi mmx fxsr sse sse2 ss ht tm pbe nx rdtscp lm constant_tsc arch_perfmon pebs bts xtopology nonstop_tsc aperfmperf eagerfpu pni pclmulqdq dtes64 monitor ds_cpl vmx est tm2 ssse3 cx16 xtpr pdcm pcid sse4_1 sse4_2 x2apic popcnt tsc_deadline_timer aes xsave avx f16c rdrand lahf_lm ida arat epb xsaveopt pln pts dtherm tpr_shadow vnmi flexpriority ept vpid fsgsbase smep erms
bogomips	: 3392.47
clflush size	: 64
cache_alignment	: 64
address sizes	: 36 bits physical, 48 bits virtual
power management:

processor	: 2
vendor_id	: GenuineIntel
cpu family	: 6
model		: 58
model name	: Intel(R) Core(TM) i5-3317U CPU @ 1.70GHz
stepping	: 9
microcode	: 0x15
cpu MHz		: 1500.000
cache size	: 3072 KB
physical id	: 0
siblings	: 4
core id		: 1
cpu cores	: 2
apicid		: 2
initial apicid	: 2
fdiv_bug	: no
f00f_bug	: no
coma_bug	: no
fpu		: yes
fpu_exception	: yes
cpuid level	: 13
wp		: yes
flags		: fpu vme de pse tsc msr pae mce cx8 apic sep mtrr pge mca cmov pat pse36 clflush dts acpi mmx fxsr sse sse2 ss ht tm pbe nx rdtscp lm constant_tsc arch_perfmon pebs bts xtopology nonstop_tsc aperfmperf eagerfpu pni pclmulqdq dtes64 monitor ds_cpl vmx est tm2 ssse3 cx16 xtpr pdcm pcid sse4_1 sse4_2 x2apic popcnt tsc_deadline_timer aes xsave avx f16c rdrand lahf_lm ida arat epb xsaveopt pln pts dtherm tpr_shadow vnmi flexpriority ept vpid fsgsbase smep erms
bogomips	: 3392.47
clflush size	: 64
cache_alignment	: 64
address sizes	: 36 bits physical, 48 bits virtual
power management:

processor	: 3
vendor_id	: GenuineIntel
cpu family	: 6
model		: 58
model name	: Intel(R) Core(TM) i5-3317U CPU @ 1.70GHz
stepping	: 9
microcode	: 0x15
cpu MHz		: 782.000
cache size	: 3072 KB
physical id	: 0
siblings	: 4
core id		: 1
cpu cores	: 2
apicid		: 3
initial apicid	: 3
fdiv_bug	: no
f00f_bug	: no
coma_bug	: no
fpu		: yes
fpu_exception	: yes
cpuid level	: 13
wp		: yes
flags		: fpu vme de pse tsc msr pae mce cx8 apic sep mtrr pge mca cmov pat pse36 clflush dts acpi mmx fxsr sse sse2 ss ht tm pbe nx rdtscp lm constant_tsc arch_perfmon pebs bts xtopology nonstop_tsc aperfmperf eagerfpu pni pclmulqdq dtes64 monitor ds_cpl vmx est tm2 ssse3 cx16 xtpr pdcm pcid sse4_1 sse4_2 x2apic popcnt tsc_deadline_timer aes xsave avx f16c rdrand lahf_lm ida arat epb xsaveopt pln pts dtherm tpr_shadow vnmi flexpriority ept vpid fsgsbase smep erms
bogomips	: 3392.47
clflush size	: 64
cache_alignment	: 64
address sizes	: 36 bits physical, 48 bits virtual
power management:



Memory: 4k page, physical 6077676k(3460580k free), swap 12000252k(12000252k free)

vm_info: Java HotSpot(TM) Server VM (24.51-b03) for linux-x86 JRE (1.7.0_51-b13), built on Dec 18 2013 18:45:30 by "java_re" with gcc 4.3.0 20080428 (Red Hat 4.3.0-8)

time: Mon Apr 14 08:03:30 2014
elapsed time: 15 seconds

